[2024/03/05 09:30:27]          notify : [{"uid":null,"e":"prompt","args":{"fastsignup":true,"signup":{"uid":"text","passwd":"text","name":"text","email":"email","phone":"text","uuid":"text"},"login":{"uid":"text","passwd":"text"}}}]
[2024/03/05 09:31:01]          notify : [{"uid":null,"e":"prompt","args":{"fastsignup":true,"signup":{"uid":"text","passwd":"text","name":"text","email":"email","phone":"text","uuid":"text"},"login":{"uid":"text","passwd":"text"}}}]
[2024/03/05 09:31:53]          rpc_ret : [{"seq":"677956870","err":0,"ret":{"token":{"uid":"qwe@qwe.qwe","pin":468158},"profile":{"uid":"qwe@qwe.qwe","name":"qwe","avatar":"0","coins":0,"score":0,"exp":0,"level":1,"deposite":9999999},"cmds":{"fastsignup":null,"signup":null,"login":null,"games":true,"logout":true},"room":null}}]
[2024/03/05 09:31:53]          notify : [{"uid":"qwe@qwe.qwe","e":"prompt","args":{"entergame":["single","tournament"]}}]
[2024/03/05 09:31:56]          rpc_ret : [{"seq":"633629783","err":0,"ret":[]}]
[2024/03/05 09:32:07]          rpc_ret : [{"seq":"946930942","err":0,"ret":{"roomid":90}}]
[2024/03/05 09:32:07]          notify : [{"uid":"qwe@qwe.qwe","e":"new_room","args":{"roomid":90}}]
[2024/03/05 09:32:07]          rpc_ret : [{"seq":"1751804505","err":0,"ret":[{"id":"90","type":"single","name":"qq","casino":"81","seats_count":"3","seats_taken":"0","gamers_count":"0","big_blind":"200","small_blind":"100","min_buy":"20"}]}]
[2024/03/05 09:32:08]          rpc_ret : [{"seq":"1140222614","err":404,"ret":"all full"}]
[2024/03/05 09:32:15]          notify : [{"uid":"qwe@qwe.qwe","e":"look","args":{"id":90,"type":"single","name":"qq","casino":81,"options":{"max_seats":3,"no_joker":true,"no_color":[],"no_number":[],"ready_countdown":10,"turn_countdown":20,"limit_rule":0,"limit":100,"limit_cap":200,"min_buy":20,"small_blind":100,"big_blind":200},"seats_count":3,"seats_taken":0,"gamers_count":1,"gamers":{"qwe@qwe.qwe":{"uid":"qwe@qwe.qwe","name":"qwe","avatar":"0","coins":"0","score":"0","exp":"0","level":"1","deposite":"9999999"}},"seats":[null,null,null],"cards":{},"chips":{},"dealer_seat":0,"shared_cards":[],"pot":0,"pot_chips":[],"max_chip":0,"last_raise":0},"roomid":90}]
[2024/03/05 09:32:15]          notify : [{"uid":"qwe@qwe.qwe","e":"enter","args":{"who":{"uid":"qwe@qwe.qwe","name":"qwe","avatar":"0","coins":"0","score":"0","exp":"0","level":"1","deposite":"9999999"},"where":90},"roomid":90}]
[2024/03/05 09:32:15]          rpc_ret : [{"seq":"1967526823","err":0,"ret":{"cmds":{"enter":null,"entergame":null,"leave":true,"say":"text","takeseat":true,"buychip":true}},"roomid":90}]
[2024/03/05 09:54:51]          notify : [{"uid":null,"e":"prompt","args":{"fastsignup":true,"signup":{"uid":"text","passwd":"text","name":"text","email":"email","phone":"text","uuid":"text"},"login":{"uid":"text","passwd":"text"}}}]
[2024/03/05 09:55:36]          notify : [{"uid":null,"e":"prompt","args":{"fastsignup":true,"signup":{"uid":"text","passwd":"text","name":"text","email":"email","phone":"text","uuid":"text"},"login":{"uid":"text","passwd":"text"}}}]
[2024/03/09 19:01:05]          notify : [{"uid":null,"e":"prompt","args":{"fastsignup":true,"signup":{"uid":"text","passwd":"text","name":"text","email":"email","phone":"text","uuid":"text"},"login":{"uid":"text","passwd":"text"}}}]
[2024/03/09 19:32:34]          notify : [{"uid":null,"e":"prompt","args":{"fastsignup":true,"signup":{"uid":"text","passwd":"text","name":"text","email":"email","phone":"text","uuid":"text"},"login":{"uid":"text","passwd":"text"}}}]
[2024/03/09 19:33:04]          rpc_ret : [{"seq":"2015997957","err":0,"ret":{"token":{"uid":"ww@ww.ww","pin":276710},"profile":{"uid":"ww@ww.ww","name":"ww","avatar":"0","coins":0,"score":0,"exp":0,"level":1,"deposite":99999},"cmds":{"fastsignup":null,"signup":null,"login":null,"games":true,"logout":true},"room":null}}]
[2024/03/09 19:33:04]          notify : [{"uid":"ww@ww.ww","e":"prompt","args":{"entergame":["single","tournament"]}}]
[2024/03/09 19:33:11]          rpc_ret : [{"seq":"1413876266","err":0,"ret":[]}]
[2024/03/09 19:33:11]          rpc_ret : [{"seq":"115692909","err":0,"ret":[]}]
[2024/03/09 19:33:15]          rpc_ret : [{"seq":"2104343082","err":0,"ret":[]}]
[2024/03/09 19:33:37]          rpc_ret : [{"seq":"1746350153","err":0,"ret":[]}]
[2024/03/09 19:34:18]          rpc_ret : [{"seq":"1643107965","err":0,"ret":[]}]
[2024/03/09 19:34:19]          rpc_ret : [{"seq":"1994488596","err":0,"ret":[]}]
[2024/03/09 19:34:22]          rpc_ret : [{"seq":"2068282774","err":0,"ret":[]}]
[2024/03/09 19:35:04]          rpc_ret : [{"seq":"623477729","err":0,"ret":[{"id":65,"name":"QQQ","first_blind":100,"start_date":10,"end_date":null,"registered_players":0,"max_players":100,"rule":{},"buy_in":300,"rise_time":5,"delay":10,"rise_count":0,"count_down":5,"status":"draft","prize":0,"startMethod":"1","max_seats":3,"currentPlayers":1}]}]
[2024/03/09 19:35:05]          rpc_ret : [{"seq":"572644555","err":0,"ret":[{"id":65,"name":"QQQ","first_blind":100,"start_date":10,"end_date":null,"registered_players":0,"max_players":100,"rule":{},"buy_in":300,"rise_time":5,"delay":10,"rise_count":0,"count_down":5,"status":"draft","prize":0,"startMethod":"1","max_seats":3,"currentPlayers":1}]}]
[2024/03/09 19:35:06]          rpc_ret : [{"seq":"750128320","err":0,"ret":{"id":65,"name":"QQQ","first_blind":100,"start_date":10,"end_date":null,"registered_players":0,"max_players":100,"rule":{},"buy_in":300,"rise_time":5,"delay":10,"rise_count":0,"count_down":5,"status":"draft","prize":0,"startMethod":"1","max_seats":3,"currentPlayers":1}}]
[2024/03/09 19:35:07]          rpc_ret : [{"seq":"1539311647","err":0,"ret":{"uid":"ww@ww.ww","reg":true}}]
[2024/03/09 19:35:07]          notify : [{"e":"registered","args":{"uid":"ww@ww.ww","tid":65}}]
[2024/03/09 19:35:07]          rpc_ret : [{"seq":"2056802442","err":0,"ret":{"id":65,"name":"QQQ","first_blind":100,"start_date":10,"end_date":null,"registered_players":0,"max_players":100,"rule":{},"buy_in":300,"rise_time":5,"delay":10,"rise_count":0,"count_down":5,"status":"draft","prize":0,"startMethod":"1","max_seats":3,"currentPlayers":2}}]
[2024/03/09 19:35:08]          rpc_ret : [{"seq":"447544528","err":0,"ret":{"id":65,"name":"QQQ","first_blind":100,"start_date":10,"end_date":null,"registered_players":0,"max_players":100,"rule":{},"buy_in":300,"rise_time":5,"delay":10,"rise_count":0,"count_down":5,"status":"draft","prize":0,"startMethod":"1","max_seats":3,"currentPlayers":2}}]
[2024/03/09 19:35:10]          rpc_ret : [{"seq":"122499344","err":0,"ret":{"id":65,"name":"QQQ","first_blind":100,"start_date":10,"end_date":null,"registered_players":0,"max_players":100,"rule":{},"buy_in":300,"rise_time":5,"delay":10,"rise_count":0,"count_down":5,"status":"draft","prize":0,"startMethod":"1","max_seats":3,"currentPlayers":2}}]
[2024/03/09 19:35:10]          rpc_ret : [{"seq":"129198020","err":0,"ret":{"id":65,"name":"QQQ","first_blind":100,"start_date":10,"end_date":null,"registered_players":0,"max_players":100,"rule":{},"buy_in":300,"rise_time":5,"delay":10,"rise_count":0,"count_down":5,"status":"draft","prize":0,"startMethod":"1","max_seats":3,"currentPlayers":2}}]
[2024/03/09 19:35:11]          rpc_ret : [{"seq":"62564144","err":0,"ret":{"id":65,"name":"QQQ","first_blind":100,"start_date":10,"end_date":null,"registered_players":0,"max_players":100,"rule":{},"buy_in":300,"rise_time":5,"delay":10,"rise_count":0,"count_down":5,"status":"draft","prize":0,"startMethod":"1","max_seats":3,"currentPlayers":2}}]
[2024/03/09 19:35:12]          rpc_ret : [{"seq":"2114982004","err":0,"ret":{"id":65,"name":"QQQ","first_blind":100,"start_date":10,"end_date":null,"registered_players":0,"max_players":100,"rule":{},"buy_in":300,"rise_time":5,"delay":10,"rise_count":0,"count_down":5,"status":"registering","prize":0,"startMethod":"1","max_seats":3,"currentPlayers":2}}]
[2024/03/09 19:35:13]          notify : [{"e":"status","args":{"tid":65,"status":"registering","timeleft":10}}]
[2024/03/09 19:35:13]          rpc_ret : [{"seq":"1797441186","err":0,"ret":{"id":65,"name":"QQQ","first_blind":100,"start_date":10,"end_date":null,"registered_players":0,"max_players":100,"rule":{},"buy_in":300,"rise_time":5,"delay":10,"rise_count":0,"count_down":5,"status":"registering","prize":0,"startMethod":"1","max_seats":3,"currentPlayers":2}}]
[2024/03/09 19:35:14]          notify : [{"e":"status","args":{"tid":65,"status":"registering","timeleft":9}}]
[2024/03/09 19:35:14]          rpc_ret : [{"seq":"2091397723","err":0,"ret":{"id":65,"name":"QQQ","first_blind":100,"start_date":10,"end_date":null,"registered_players":0,"max_players":100,"rule":{},"buy_in":300,"rise_time":5,"delay":10,"rise_count":0,"count_down":5,"status":"registering","prize":0,"startMethod":"1","max_seats":3,"currentPlayers":2}}]
[2024/03/09 19:35:15]          notify : [{"e":"status","args":{"tid":65,"status":"registering","timeleft":8}}]
[2024/03/09 19:35:15]          rpc_ret : [{"seq":"980501865","err":0,"ret":{"id":65,"name":"QQQ","first_blind":100,"start_date":10,"end_date":null,"registered_players":0,"max_players":100,"rule":{},"buy_in":300,"rise_time":5,"delay":10,"rise_count":0,"count_down":5,"status":"registering","prize":0,"startMethod":"1","max_seats":3,"currentPlayers":2}}]
[2024/03/09 19:35:16]          notify : [{"e":"status","args":{"tid":65,"status":"registering","timeleft":7}}]
[2024/03/09 19:35:16]          rpc_ret : [{"seq":"538100832","err":0,"ret":{"id":65,"name":"QQQ","first_blind":100,"start_date":10,"end_date":null,"registered_players":0,"max_players":100,"rule":{},"buy_in":300,"rise_time":5,"delay":10,"rise_count":0,"count_down":5,"status":"registering","prize":0,"startMethod":"1","max_seats":3,"currentPlayers":2}}]
[2024/03/09 19:35:17]          notify : [{"e":"status","args":{"tid":65,"status":"registering","timeleft":6}}]
[2024/03/09 19:35:17]          rpc_ret : [{"seq":"760124409","err":0,"ret":{"id":65,"name":"QQQ","first_blind":100,"start_date":10,"end_date":null,"registered_players":0,"max_players":100,"rule":{},"buy_in":300,"rise_time":5,"delay":10,"rise_count":0,"count_down":5,"status":"registering","prize":0,"startMethod":"1","max_seats":3,"currentPlayers":2}}]
[2024/03/09 19:35:18]          notify : [{"e":"status","args":{"tid":65,"status":"registering","timeleft":5}}]
[2024/03/09 19:35:18]          rpc_ret : [{"seq":"2137302976","err":0,"ret":{"id":65,"name":"QQQ","first_blind":100,"start_date":10,"end_date":null,"registered_players":0,"max_players":100,"rule":{},"buy_in":300,"rise_time":5,"delay":10,"rise_count":0,"count_down":5,"status":"registering","prize":0,"startMethod":"1","max_seats":3,"currentPlayers":2}}]
[2024/03/09 19:35:19]          notify : [{"e":"status","args":{"tid":65,"status":"registering","timeleft":4}}]
[2024/03/09 19:35:19]          rpc_ret : [{"seq":"1585848565","err":0,"ret":{"id":65,"name":"QQQ","first_blind":100,"start_date":10,"end_date":null,"registered_players":0,"max_players":100,"rule":{},"buy_in":300,"rise_time":5,"delay":10,"rise_count":0,"count_down":5,"status":"registering","prize":0,"startMethod":"1","max_seats":3,"currentPlayers":2}}]
[2024/03/09 19:35:20]          notify : [{"e":"status","args":{"tid":65,"status":"registering","timeleft":3}}]
[2024/03/09 19:35:20]          rpc_ret : [{"seq":"2081876899","err":0,"ret":{"id":65,"name":"QQQ","first_blind":100,"start_date":10,"end_date":null,"registered_players":0,"max_players":100,"rule":{},"buy_in":300,"rise_time":5,"delay":10,"rise_count":0,"count_down":5,"status":"registering","prize":0,"startMethod":"1","max_seats":3,"currentPlayers":2}}]
[2024/03/09 19:35:21]          notify : [{"e":"status","args":{"tid":65,"status":"registering","timeleft":2}}]
[2024/03/09 19:35:21]          rpc_ret : [{"seq":"696939187","err":0,"ret":{"id":65,"name":"QQQ","first_blind":100,"start_date":10,"end_date":null,"registered_players":0,"max_players":100,"rule":{},"buy_in":300,"rise_time":5,"delay":10,"rise_count":0,"count_down":5,"status":"registering","prize":0,"startMethod":"1","max_seats":3,"currentPlayers":2}}]
[2024/03/09 19:35:22]          notify : [{"e":"delaying","args":{"tid":65}}]
[2024/03/09 19:35:22]          notify : [{"e":"status","args":{"tid":65,"status":"delaying","timeleft":11}}]
[2024/03/09 19:35:22]          notify : [{"uid":"ww@ww.ww","e":"new_room","args":{"roomid":60}}]
[2024/03/09 19:35:22]          rpc_ret : [{"seq":"427830289","err":0,"ret":{"id":65,"name":"QQQ","first_blind":100,"start_date":10,"end_date":null,"registered_players":0,"max_players":100,"rule":{},"buy_in":300,"rise_time":5,"delay":10,"rise_count":0,"count_down":5,"status":"delaying","prize":0,"startMethod":"1","max_seats":3,"currentPlayers":2}}]
[2024/03/09 19:35:23]          notify : [{"e":"status","args":{"tid":65,"status":"delaying","timeleft":10}}]
[2024/03/09 19:35:23]          rpc_ret : [{"seq":"227136463","err":0,"ret":{"id":65,"name":"QQQ","first_blind":100,"start_date":10,"end_date":null,"registered_players":0,"max_players":100,"rule":{},"buy_in":300,"rise_time":5,"delay":10,"rise_count":0,"count_down":5,"status":"delaying","prize":0,"startMethod":"1","max_seats":3,"currentPlayers":2}}]
[2024/03/09 19:35:24]          notify : [{"e":"status","args":{"tid":65,"status":"delaying","timeleft":9}}]
[2024/03/09 19:35:24]          rpc_ret : [{"seq":"1899573030","err":0,"ret":{"id":65,"name":"QQQ","first_blind":100,"start_date":10,"end_date":null,"registered_players":0,"max_players":100,"rule":{},"buy_in":300,"rise_time":5,"delay":10,"rise_count":0,"count_down":5,"status":"delaying","prize":0,"startMethod":"1","max_seats":3,"currentPlayers":2}}]
[2024/03/09 19:35:25]          notify : [{"e":"status","args":{"tid":65,"status":"delaying","timeleft":8}}]
[2024/03/09 19:35:25]          rpc_ret : [{"seq":"1210965476","err":0,"ret":{"id":65,"name":"QQQ","first_blind":100,"start_date":10,"end_date":null,"registered_players":0,"max_players":100,"rule":{},"buy_in":300,"rise_time":5,"delay":10,"rise_count":0,"count_down":5,"status":"delaying","prize":0,"startMethod":"1","max_seats":3,"currentPlayers":2}}]
[2024/03/09 19:35:26]          notify : [{"e":"status","args":{"tid":65,"status":"delaying","timeleft":7}}]
[2024/03/09 19:35:26]          rpc_ret : [{"seq":"1280463631","err":0,"ret":{"id":65,"name":"QQQ","first_blind":100,"start_date":10,"end_date":null,"registered_players":0,"max_players":100,"rule":{},"buy_in":300,"rise_time":5,"delay":10,"rise_count":0,"count_down":5,"status":"delaying","prize":0,"startMethod":"1","max_seats":3,"currentPlayers":2}}]
[2024/03/09 19:35:27]          notify : [{"e":"status","args":{"tid":65,"status":"delaying","timeleft":6}}]
[2024/03/09 19:35:27]          rpc_ret : [{"seq":"1278675114","err":0,"ret":{"id":65,"name":"QQQ","first_blind":100,"start_date":10,"end_date":null,"registered_players":0,"max_players":100,"rule":{},"buy_in":300,"rise_time":5,"delay":10,"rise_count":0,"count_down":5,"status":"delaying","prize":0,"startMethod":"1","max_seats":3,"currentPlayers":2}}]
[2024/03/09 19:35:28]          notify : [{"e":"status","args":{"tid":65,"status":"delaying","timeleft":5}}]
[2024/03/09 19:35:28]          rpc_ret : [{"seq":"1101766877","err":0,"ret":{"id":65,"name":"QQQ","first_blind":100,"start_date":10,"end_date":null,"registered_players":0,"max_players":100,"rule":{},"buy_in":300,"rise_time":5,"delay":10,"rise_count":0,"count_down":5,"status":"delaying","prize":0,"startMethod":"1","max_seats":3,"currentPlayers":2}}]
[2024/03/09 19:35:29]          notify : [{"e":"status","args":{"tid":65,"status":"delaying","timeleft":4}}]
[2024/03/09 19:35:29]          rpc_ret : [{"seq":"882051284","err":0,"ret":{"id":65,"name":"QQQ","first_blind":100,"start_date":10,"end_date":null,"registered_players":0,"max_players":100,"rule":{},"buy_in":300,"rise_time":5,"delay":10,"rise_count":0,"count_down":5,"status":"delaying","prize":0,"startMethod":"1","max_seats":3,"currentPlayers":2}}]
[2024/03/09 19:35:30]          notify : [{"e":"status","args":{"tid":65,"status":"delaying","timeleft":3}}]
[2024/03/09 19:35:30]          rpc_ret : [{"seq":"28959475","err":0,"ret":{"id":65,"name":"QQQ","first_blind":100,"start_date":10,"end_date":null,"registered_players":0,"max_players":100,"rule":{},"buy_in":300,"rise_time":5,"delay":10,"rise_count":0,"count_down":5,"status":"delaying","prize":0,"startMethod":"1","max_seats":3,"currentPlayers":2}}]
[2024/03/09 19:35:31]          notify : [{"e":"status","args":{"tid":65,"status":"delaying","timeleft":2}}]
[2024/03/09 19:35:31]          rpc_ret : [{"seq":"436745083","err":0,"ret":{"id":65,"name":"QQQ","first_blind":100,"start_date":10,"end_date":null,"registered_players":0,"max_players":100,"rule":{},"buy_in":300,"rise_time":5,"delay":10,"rise_count":0,"count_down":5,"status":"delaying","prize":0,"startMethod":"1","max_seats":3,"currentPlayers":2}}]
[2024/03/09 19:35:32]          notify : [{"e":"start","args":{"tid":65}}]
[2024/03/09 19:35:32]          notify : [{"e":"status","args":{"tid":65,"status":"started"}}]
[2024/03/09 19:35:32]          notify : [{"uid":"ww@ww.ww","e":"look","args":{"id":60,"type":"tournament","name":"QQQ","casino":57,"options":{"max_seats":3,"no_joker":true,"no_color":[],"no_number":[],"ready_countdown":1,"turn_countdown":20,"limit_rule":2,"limit":100,"limit_cap":-1,"min_buy":300,"small_blind":100,"big_blind":200},"seats_count":3,"seats_taken":0,"gamers_count":2,"gamers":{"qq@qq.qq":{"uid":"qq@qq.qq","name":"qq","avatar":"0","coins":"0","score":"0","exp":"0","level":"1","deposite":"99699"},"ww@ww.ww":{"uid":"ww@ww.ww","name":"ww","avatar":"0","coins":"0","score":"0","exp":"0","level":"1","deposite":"99699"}},"seats":[null,null,null],"cards":{},"chips":{},"dealer_seat":0,"shared_cards":[],"pot":0,"pot_chips":[],"max_chip":0,"last_raise":0},"roomid":60}]
[2024/03/09 19:35:32]          notify : [{"uid":"ww@ww.ww","e":"enter","args":{"who":{"uid":"ww@ww.ww","name":"ww","avatar":"0","coins":"0","score":"0","exp":"0","level":"1","deposite":"99699"},"where":60},"roomid":60}]
[2024/03/09 19:35:32]          rpc_ret : [{"seq":999999,"err":0,"ret":{"cmds":{"enter":null,"entergame":null,"leave":true,"say":"text","takeseat":true,"buychip":true}},"roomid":60}]
[2024/03/09 19:35:32]          notify : [{"uid":"ww@ww.ww","e":"takeseat","args":{"uid":"qq@qq.qq","where":0},"roomid":60}]
[2024/03/09 19:35:32]          notify : [{"uid":"ww@ww.ww","e":"takeseat","args":{"uid":"ww@ww.ww","where":1},"roomid":60}]
[2024/03/09 19:35:32]          notify : [{"uid":"ww@ww.ww","e":"ready","args":{"uid":"qq@qq.qq","where":0},"roomid":60}]
[2024/03/09 19:35:32]          notify : [{"uid":"ww@ww.ww","e":"ready","args":{"uid":"ww@ww.ww","where":1},"roomid":60}]
[2024/03/09 19:35:32]          notify : [{"uid":"ww@ww.ww","e":"gamestart","args":{"room":{"id":60,"type":"tournament","name":"QQQ","casino":57,"options":{"max_seats":3,"no_joker":true,"no_color":[],"no_number":[],"ready_countdown":1,"turn_countdown":20,"limit_rule":2,"limit":100,"limit_cap":-1,"min_buy":300,"small_blind":100,"big_blind":200},"seats_count":3,"seats_taken":2,"gamers_count":2,"gamers":{"qq@qq.qq":{"uid":"qq@qq.qq","name":"qq","avatar":"0","coins":200,"score":"0","exp":"0","level":"1","deposite":"99699"},"ww@ww.ww":{"uid":"ww@ww.ww","name":"ww","avatar":"0","coins":250,"score":"0","exp":"0","level":"1","deposite":"99699"}},"seats":["qq@qq.qq","ww@ww.ww",null],"cards":{},"chips":{"0":100,"1":50},"dealer_seat":0,"shared_cards":[],"pot":150,"pot_chips":[50,100],"max_chip":100,"last_raise":100},"seats":[1,0]},"roomid":60}]
[2024/03/09 19:35:32]          notify : [{"uid":"ww@ww.ww","e":"deal","args":{"deals":[[1,[0,0]],[0,[0,0]]],"delay":3},"roomid":60}]
[2024/03/09 19:35:32]          notify : [{"uid":"ww@ww.ww","e":"seecard","args":{"seat":1,"uid":"ww@ww.ww","cards":[61,72]},"roomid":60}]
[2024/03/09 19:35:33]          notify : [{"e":"status","args":{"tid":65,"status":"started"}}]
[2024/03/09 19:35:33]          notify : [{"uid":"ww@ww.ww","e":"moveturn","args":{"seat":1,"uid":"ww@ww.ww","countdown":20},"roomid":60}]
[2024/03/09 19:35:33]          notify : [{"uid":"ww@ww.ww","e":"prompt","args":{"fold":true,"call":true,"raise":"range,100,200","all_in":true},"roomid":60}]
[2024/03/09 19:35:34]          notify : [{"e":"status","args":{"tid":65,"status":"started"}}]
[2024/03/09 19:35:34]          notify : [{"uid":"ww@ww.ww","e":"countdown","args":{"seat":1,"sec":20},"roomid":60}]
[2024/03/09 19:35:35]          notify : [{"e":"status","args":{"tid":65,"status":"started"}}]
[2024/03/09 19:35:35]          notify : [{"uid":"ww@ww.ww","e":"countdown","args":{"seat":1,"sec":19},"roomid":60}]
[2024/03/09 19:35:36]          notify : [{"e":"status","args":{"tid":65,"status":"started"}}]
[2024/03/09 19:35:36]          notify : [{"uid":"ww@ww.ww","e":"countdown","args":{"seat":1,"sec":18},"roomid":60}]
[2024/03/09 19:35:37]          notify : [{"e":"status","args":{"tid":65,"status":"started"}}]
[2024/03/09 19:35:37]          notify : [{"uid":"ww@ww.ww","e":"countdown","args":{"seat":1,"sec":17},"roomid":60}]
[2024/03/09 19:35:38]          notify : [{"e":"status","args":{"tid":65,"status":"started"}}]
[2024/03/09 19:35:38]          notify : [{"uid":"ww@ww.ww","e":"countdown","args":{"seat":1,"sec":16},"roomid":60}]
[2024/03/09 19:35:39]          notify : [{"e":"status","args":{"tid":65,"status":"started"}}]
[2024/03/09 19:35:39]          notify : [{"uid":"ww@ww.ww","e":"countdown","args":{"seat":1,"sec":15},"roomid":60}]
[2024/03/09 19:35:40]          notify : [{"e":"status","args":{"tid":65,"status":"started"}}]
[2024/03/09 19:35:40]          notify : [{"uid":"ww@ww.ww","e":"countdown","args":{"seat":1,"sec":14},"roomid":60}]
[2024/03/09 19:35:41]          notify : [{"e":"status","args":{"tid":65,"status":"started"}}]
[2024/03/09 19:35:41]          notify : [{"uid":"ww@ww.ww","e":"countdown","args":{"seat":1,"sec":13},"roomid":60}]
[2024/03/09 19:35:42]          notify : [{"e":"status","args":{"tid":65,"status":"started"}}]
[2024/03/09 19:35:42]          notify : [{"uid":"ww@ww.ww","e":"countdown","args":{"seat":1,"sec":12},"roomid":60}]
[2024/03/09 19:35:43]          notify : [{"e":"status","args":{"tid":65,"status":"started"}}]
[2024/03/09 19:35:43]          notify : [{"uid":"ww@ww.ww","e":"countdown","args":{"seat":1,"sec":11},"roomid":60}]
[2024/03/09 19:35:44]          notify : [{"e":"status","args":{"tid":65,"status":"started"}}]
[2024/03/09 19:35:44]          notify : [{"uid":"ww@ww.ww","e":"countdown","args":{"seat":1,"sec":10},"roomid":60}]
[2024/03/09 19:35:45]          notify : [{"e":"status","args":{"tid":65,"status":"started"}}]
[2024/03/09 19:35:45]          notify : [{"uid":"ww@ww.ww","e":"countdown","args":{"seat":1,"sec":9},"roomid":60}]
[2024/03/09 19:35:46]          notify : [{"e":"status","args":{"tid":65,"status":"started"}}]
[2024/03/09 19:35:46]          notify : [{"uid":"ww@ww.ww","e":"countdown","args":{"seat":1,"sec":8},"roomid":60}]
[2024/03/09 19:35:46]          notify : [{"uid":"ww@ww.ww","e":"call","args":{"seat":1,"uid":"ww@ww.ww","call":50,"raise":0},"roomid":60}]
[2024/03/09 19:36:06]          rpc_ret : [{"seq":"770940946","err":0,"ret":{},"roomid":60}]
[2024/03/09 19:36:06]          notify : [{"uid":"ww@ww.ww","e":"prompt","args":{"fold":null,"check":null,"call":null,"raise":null,"all_in":null},"roomid":60}]
[2024/03/09 19:36:06]          notify : [{"uid":"ww@ww.ww","e":"moveturn","args":{"seat":0,"uid":"qq@qq.qq","countdown":20},"roomid":60}]
[2024/03/09 19:36:06]          notify : [{"e":"status","args":{"tid":65,"status":"started"}}]
[2024/03/09 19:36:06]          notify : [{"uid":"ww@ww.ww","e":"countdown","args":{"seat":0,"sec":20},"roomid":60}]
[2024/03/09 19:36:06]          notify : [{"e":"status","args":{"tid":65,"status":"started"}}]
[2024/03/09 19:36:06]          notify : [{"uid":"ww@ww.ww","e":"countdown","args":{"seat":0,"sec":19},"roomid":60}]
[2024/03/09 19:36:06]          notify : [{"e":"status","args":{"tid":65,"status":"started"}}]
[2024/03/09 19:36:06]          notify : [{"uid":"ww@ww.ww","e":"countdown","args":{"seat":0,"sec":18},"roomid":60}]
[2024/03/09 19:36:06]          notify : [{"e":"status","args":{"tid":65,"status":"started"}}]
[2024/03/09 19:36:06]          notify : [{"uid":"ww@ww.ww","e":"countdown","args":{"seat":0,"sec":17},"roomid":60}]
[2024/03/09 19:36:06]          notify : [{"e":"status","args":{"tid":65,"status":"started"}}]
[2024/03/09 19:36:06]          notify : [{"uid":"ww@ww.ww","e":"countdown","args":{"seat":0,"sec":16},"roomid":60}]
[2024/03/09 19:36:06]          notify : [{"e":"status","args":{"tid":65,"status":"started"}}]
[2024/03/09 19:36:06]          notify : [{"uid":"ww@ww.ww","e":"countdown","args":{"seat":0,"sec":15},"roomid":60}]
[2024/03/09 19:36:06]          notify : [{"e":"status","args":{"tid":65,"status":"started"}}]
[2024/03/09 19:36:06]          notify : [{"uid":"ww@ww.ww","e":"countdown","args":{"seat":0,"sec":14},"roomid":60}]
[2024/03/09 19:36:06]          notify : [{"e":"status","args":{"tid":65,"status":"started"}}]
[2024/03/09 19:36:06]          notify : [{"uid":"ww@ww.ww","e":"countdown","args":{"seat":0,"sec":13},"roomid":60}]
[2024/03/09 19:36:06]          notify : [{"e":"status","args":{"tid":65,"status":"started"}}]
[2024/03/09 19:36:06]          notify : [{"uid":"ww@ww.ww","e":"countdown","args":{"seat":0,"sec":12},"roomid":60}]
[2024/03/09 19:36:06]          notify : [{"e":"status","args":{"tid":65,"status":"started"}}]
[2024/03/09 19:36:06]          notify : [{"uid":"ww@ww.ww","e":"countdown","args":{"seat":0,"sec":11},"roomid":60}]
[2024/03/09 19:36:06]          notify : [{"e":"status","args":{"tid":65,"status":"started"}}]
[2024/03/09 19:36:06]          notify : [{"uid":"ww@ww.ww","e":"countdown","args":{"seat":0,"sec":10},"roomid":60}]
[2024/03/09 19:36:06]          notify : [{"e":"status","args":{"tid":65,"status":"started"}}]
[2024/03/09 19:36:06]          notify : [{"uid":"ww@ww.ww","e":"countdown","args":{"seat":0,"sec":9},"roomid":60}]
[2024/03/09 19:36:06]          notify : [{"e":"status","args":{"tid":65,"status":"started"}}]
[2024/03/09 19:36:06]          notify : [{"uid":"ww@ww.ww","e":"countdown","args":{"seat":0,"sec":8},"roomid":60}]
[2024/03/09 19:36:06]          notify : [{"e":"status","args":{"tid":65,"status":"started"}}]
[2024/03/09 19:36:06]          notify : [{"uid":"ww@ww.ww","e":"countdown","args":{"seat":0,"sec":7},"roomid":60}]
[2024/03/09 19:36:06]          notify : [{"e":"status","args":{"tid":65,"status":"started"}}]
[2024/03/09 19:36:06]          notify : [{"uid":"ww@ww.ww","e":"countdown","args":{"seat":0,"sec":6},"roomid":60}]
[2024/03/09 19:36:06]          notify : [{"e":"status","args":{"tid":65,"status":"started"}}]
[2024/03/09 19:36:06]          notify : [{"uid":"ww@ww.ww","e":"countdown","args":{"seat":0,"sec":5},"roomid":60}]
[2024/03/09 19:36:06]          notify : [{"e":"status","args":{"tid":65,"status":"started"}}]
[2024/03/09 19:36:06]          notify : [{"uid":"ww@ww.ww","e":"countdown","args":{"seat":0,"sec":4},"roomid":60}]
[2024/03/09 19:36:06]          notify : [{"e":"status","args":{"tid":65,"status":"started"}}]
[2024/03/09 19:36:06]          notify : [{"uid":"ww@ww.ww","e":"countdown","args":{"seat":0,"sec":3},"roomid":60}]
[2024/03/09 19:36:06]          notify : [{"e":"status","args":{"tid":65,"status":"started"}}]
[2024/03/09 19:36:06]          notify : [{"uid":"ww@ww.ww","e":"countdown","args":{"seat":0,"sec":2},"roomid":60}]
[2024/03/09 19:36:06]          notify : [{"e":"status","args":{"tid":65,"status":"started"}}]
[2024/03/09 19:36:06]          notify : [{"uid":"ww@ww.ww","e":"countdown","args":{"seat":0,"sec":1},"roomid":60}]
[2024/03/09 19:36:07]          notify : [{"e":"status","args":{"tid":65,"status":"started"}}]
[2024/03/09 19:36:07]          notify : [{"uid":"ww@ww.ww","e":"fold","args":{"seat":0,"uid":"qq@qq.qq"},"roomid":60}]
[2024/03/09 19:36:07]          notify : [{"uid":"ww@ww.ww","e":"gameover","args":[{"uid":"qq@qq.qq","name":"qq","avatar":"0","coins":200,"score":"0","exp":1,"level":"1","deposite":"99699","seat":0,"cards":[62,44],"chips":100,"prize":0},{"uid":"ww@ww.ww","name":"ww","avatar":"0","coins":400,"score":1,"exp":"02","level":"1","deposite":"99699","seat":1,"cards":[61,72],"chips":100,"prize":200}],"roomid":60}]
[2024/03/09 19:36:07]          notify : [{"uid":"ww@ww.ww","e":"prompt","args":{"fold":null,"check":null,"call":null,"raise":null,"all_in":null,"ready":true},"roomid":60}]
[2024/03/09 19:36:07]          notify : [{"uid":"ww@ww.ww","e":"ready","args":{"uid":"qq@qq.qq","where":0},"roomid":60}]
[2024/03/09 19:36:07]          notify : [{"uid":"ww@ww.ww","e":"ready","args":{"uid":"ww@ww.ww","where":1},"roomid":60}]
[2024/03/09 19:36:07]          notify : [{"uid":"ww@ww.ww","e":"gamestart","args":{"room":{"id":60,"type":"tournament","name":"QQQ","casino":57,"options":{"max_seats":3,"no_joker":true,"no_color":[],"no_number":[],"ready_countdown":1,"turn_countdown":20,"limit_rule":2,"limit":100,"limit_cap":-1,"min_buy":300,"small_blind":100,"big_blind":200},"seats_count":3,"seats_taken":2,"gamers_count":2,"gamers":{"qq@qq.qq":{"uid":"qq@qq.qq","name":"qq","avatar":"0","coins":100,"score":"0","exp":1,"level":"1","deposite":"99699"},"ww@ww.ww":{"uid":"ww@ww.ww","name":"ww","avatar":"0","coins":350,"score":1,"exp":"02","level":"1","deposite":"99699"}},"seats":["qq@qq.qq","ww@ww.ww",null],"cards":{},"chips":{"0":100,"1":50},"dealer_seat":0,"shared_cards":[],"pot":150,"pot_chips":[50,100],"max_chip":100,"last_raise":100},"seats":[1,0]},"roomid":60}]
[2024/03/09 19:36:07]          notify : [{"uid":"ww@ww.ww","e":"deal","args":{"deals":[[1,[0,0]],[0,[0,0]]],"delay":3},"roomid":60}]
[2024/03/09 19:36:07]          notify : [{"uid":"ww@ww.ww","e":"seecard","args":{"seat":1,"uid":"ww@ww.ww","cards":[30,45]},"roomid":60}]
[2024/03/09 19:36:08]          notify : [{"e":"status","args":{"tid":65,"status":"started"}}]
[2024/03/09 19:36:08]          notify : [{"uid":"ww@ww.ww","e":"moveturn","args":{"seat":1,"uid":"ww@ww.ww","countdown":20},"roomid":60}]
[2024/03/09 19:36:08]          notify : [{"uid":"ww@ww.ww","e":"prompt","args":{"fold":true,"call":true,"raise":"range,100,300","all_in":true},"roomid":60}]
[2024/03/09 19:36:09]          notify : [{"e":"status","args":{"tid":65,"status":"started"}}]
[2024/03/09 19:36:09]          notify : [{"uid":"ww@ww.ww","e":"countdown","args":{"seat":1,"sec":20},"roomid":60}]
[2024/03/09 19:36:10]          notify : [{"e":"status","args":{"tid":65,"status":"started"}}]
[2024/03/09 19:36:10]          notify : [{"uid":"ww@ww.ww","e":"countdown","args":{"seat":1,"sec":19},"roomid":60}]
[2024/03/09 19:36:11]          notify : [{"e":"status","args":{"tid":65,"status":"started"}}]
[2024/03/09 19:36:11]          notify : [{"uid":"ww@ww.ww","e":"countdown","args":{"seat":1,"sec":18},"roomid":60}]
[2024/03/09 19:36:12]          notify : [{"e":"status","args":{"tid":65,"status":"started"}}]
[2024/03/09 19:36:12]          notify : [{"uid":"ww@ww.ww","e":"countdown","args":{"seat":1,"sec":17},"roomid":60}]
[2024/03/09 19:36:13]          notify : [{"e":"status","args":{"tid":65,"status":"started"}}]
[2024/03/09 19:36:13]          notify : [{"uid":"ww@ww.ww","e":"countdown","args":{"seat":1,"sec":16},"roomid":60}]
[2024/03/09 19:36:14]          notify : [{"e":"status","args":{"tid":65,"status":"started"}}]
[2024/03/09 19:36:14]          notify : [{"uid":"ww@ww.ww","e":"countdown","args":{"seat":1,"sec":15},"roomid":60}]
[2024/03/09 19:36:15]          notify : [{"e":"status","args":{"tid":65,"status":"started"}}]
[2024/03/09 19:36:15]          notify : [{"uid":"ww@ww.ww","e":"countdown","args":{"seat":1,"sec":14},"roomid":60}]
[2024/03/09 19:36:16]          notify : [{"e":"status","args":{"tid":65,"status":"started"}}]
[2024/03/09 19:36:16]          notify : [{"uid":"ww@ww.ww","e":"countdown","args":{"seat":1,"sec":13},"roomid":60}]
[2024/03/09 19:36:17]          notify : [{"e":"status","args":{"tid":65,"status":"started"}}]
[2024/03/09 19:36:17]          notify : [{"uid":"ww@ww.ww","e":"countdown","args":{"seat":1,"sec":12},"roomid":60}]
[2024/03/09 19:36:17]          notify : [{"uid":"ww@ww.ww","e":"call","args":{"seat":1,"uid":"ww@ww.ww","call":50,"raise":0},"roomid":60}]
[2024/03/09 19:36:17]          rpc_ret : [{"seq":"820107397","err":0,"ret":{},"roomid":60}]
[2024/03/09 19:36:17]          notify : [{"uid":"ww@ww.ww","e":"prompt","args":{"fold":null,"check":null,"call":null,"raise":null,"all_in":null},"roomid":60}]
[2024/03/09 19:36:19]          notify : [{"uid":"ww@ww.ww","e":"moveturn","args":{"seat":0,"uid":"qq@qq.qq","countdown":20},"roomid":60}]
[2024/03/09 19:36:19]          notify : [{"e":"status","args":{"tid":65,"status":"started"}}]
[2024/03/09 19:36:19]          notify : [{"uid":"ww@ww.ww","e":"countdown","args":{"seat":0,"sec":20},"roomid":60}]
[2024/03/09 19:36:19]          notify : [{"e":"status","args":{"tid":65,"status":"started"}}]
[2024/03/09 19:36:19]          notify : [{"uid":"ww@ww.ww","e":"countdown","args":{"seat":0,"sec":19},"roomid":60}]
[2024/03/09 19:36:20]          notify : [{"e":"status","args":{"tid":65,"status":"started"}}]
[2024/03/09 19:36:20]          notify : [{"uid":"ww@ww.ww","e":"countdown","args":{"seat":0,"sec":18},"roomid":60}]
[2024/03/09 19:36:21]          notify : [{"e":"status","args":{"tid":65,"status":"started"}}]
[2024/03/09 19:36:21]          notify : [{"uid":"ww@ww.ww","e":"countdown","args":{"seat":0,"sec":17},"roomid":60}]
[2024/03/09 19:36:22]          notify : [{"e":"status","args":{"tid":65,"status":"started"}}]
[2024/03/09 19:36:22]          notify : [{"uid":"ww@ww.ww","e":"countdown","args":{"seat":0,"sec":16},"roomid":60}]
[2024/03/09 19:37:43]          notify : [{"uid":null,"e":"prompt","args":{"fastsignup":true,"signup":{"uid":"text","passwd":"text","name":"text","email":"email","phone":"text","uuid":"text"},"login":{"uid":"text","passwd":"text"}}}]
[2024/03/09 19:37:50]          rpc_ret : [{"seq":"992602285","err":0,"ret":{"token":{"uid":"ww@ww.ww","pin":898899},"profile":{"uid":"ww@ww.ww","name":"ww","avatar":"0","coins":0,"score":0,"exp":0,"level":1,"deposite":99999},"cmds":{"fastsignup":null,"signup":null,"login":null,"games":true,"logout":true},"room":"60"}}]
[2024/03/09 19:37:50]          notify : [{"uid":"ww@ww.ww","e":"relogin","args":{"uid":"ww@ww.ww","where":60},"roomid":60}]
[2024/03/09 19:37:50]          notify : [{"uid":"ww@ww.ww","e":"look","args":{"id":60,"type":"tournament","name":"QQQ","casino":57,"options":{"max_seats":3,"no_joker":true,"no_color":[],"no_number":[],"ready_countdown":1,"turn_countdown":20,"limit_rule":2,"limit":100,"limit_cap":-1,"min_buy":300,"small_blind":100,"big_blind":200},"seats_count":3,"seats_taken":2,"gamers_count":2,"gamers":{"qq@qq.qq":{"uid":"qq@qq.qq","name":"qq","avatar":"0","coins":150,"score":3,"exp":8,"level":"1","deposite":"99699"},"ww@ww.ww":{"uid":"ww@ww.ww","name":"ww","avatar":"0","coins":300,"score":2,"exp":25,"level":"1","deposite":"99699"}},"seats":["qq@qq.qq","ww@ww.ww",null],"cards":{"0":[0,0],"1":[0,0]},"chips":{"0":100,"1":50},"dealer_seat":0,"shared_cards":[],"pot":150,"pot_chips":[50,100],"max_chip":100,"last_raise":100},"roomid":60}]
[2024/03/09 19:37:51]          notify : [{"uid":"ww@ww.ww","e":"prompt","args":{"leave":true,"say":"text","takeseat":null,"unseat":true},"roomid":60}]
[2024/03/09 19:37:51]          rpc_ret : [{"seq":0,"err":0,"ret":{},"roomid":60}]
[2024/03/09 19:37:51]          notify : [{"uid":"ww@ww.ww","e":"seecard","args":{"seat":1,"uid":"ww@ww.ww","cards":[45,60]},"roomid":60}]
[2024/03/09 19:37:51]          notify : [{"uid":"ww@ww.ww","e":"prompt","args":{"ready":null,"fold":true},"roomid":60}]
[2024/03/09 19:37:51]          notify : [{"uid":"ww@ww.ww","e":"moveturn","args":{"seat":1,"uid":"ww@ww.ww","countdown":20},"roomid":60}]
[2024/03/09 19:37:51]          notify : [{"uid":"ww@ww.ww","e":"prompt","args":{"fold":true,"call":true,"raise":"range,100,250","all_in":true},"roomid":60}]
[2024/03/09 19:37:51]          notify : [{"e":"status","args":{"tid":65,"status":"started"}}]
[2024/03/09 19:37:51]          notify : [{"uid":"ww@ww.ww","e":"countdown","args":{"seat":1,"sec":20},"roomid":60}]
[2024/03/09 19:37:52]          notify : [{"e":"status","args":{"tid":65,"status":"started"}}]
[2024/03/09 19:37:52]          notify : [{"uid":"ww@ww.ww","e":"countdown","args":{"seat":1,"sec":19},"roomid":60}]
[2024/03/09 19:37:53]          notify : [{"e":"status","args":{"tid":65,"status":"started"}}]
[2024/03/09 19:37:53]          notify : [{"uid":"ww@ww.ww","e":"countdown","args":{"seat":1,"sec":18},"roomid":60}]
[2024/03/09 19:37:54]          notify : [{"e":"status","args":{"tid":65,"status":"started"}}]
[2024/03/09 19:37:54]          notify : [{"uid":"ww@ww.ww","e":"countdown","args":{"seat":1,"sec":17},"roomid":60}]
[2024/03/09 19:37:55]          notify : [{"e":"status","args":{"tid":65,"status":"started"}}]
[2024/03/09 19:37:55]          notify : [{"uid":"ww@ww.ww","e":"countdown","args":{"seat":1,"sec":16},"roomid":60}]
[2024/03/09 19:37:56]          notify : [{"e":"status","args":{"tid":65,"status":"started"}}]
[2024/03/09 19:37:56]          notify : [{"uid":"ww@ww.ww","e":"countdown","args":{"seat":1,"sec":15},"roomid":60}]
[2024/03/09 19:37:57]          notify : [{"e":"status","args":{"tid":65,"status":"started"}}]
[2024/03/09 19:37:57]          notify : [{"uid":"ww@ww.ww","e":"countdown","args":{"seat":1,"sec":14},"roomid":60}]
[2024/03/09 19:37:58]          notify : [{"e":"status","args":{"tid":65,"status":"started"}}]
[2024/03/09 19:37:58]          notify : [{"uid":"ww@ww.ww","e":"countdown","args":{"seat":1,"sec":13},"roomid":60}]
[2024/03/09 19:37:59]          notify : [{"e":"status","args":{"tid":65,"status":"started"}}]
[2024/03/09 19:37:59]          notify : [{"uid":"ww@ww.ww","e":"countdown","args":{"seat":1,"sec":12},"roomid":60}]
[2024/03/09 19:38:00]          notify : [{"e":"status","args":{"tid":65,"status":"started"}}]
[2024/03/09 19:38:00]          notify : [{"uid":"ww@ww.ww","e":"countdown","args":{"seat":1,"sec":11},"roomid":60}]
[2024/03/09 19:38:01]          notify : [{"e":"status","args":{"tid":65,"status":"started"}}]
[2024/03/09 19:38:01]          notify : [{"uid":"ww@ww.ww","e":"countdown","args":{"seat":1,"sec":10},"roomid":60}]
[2024/03/09 19:38:02]          notify : [{"e":"status","args":{"tid":65,"status":"started"}}]
[2024/03/09 19:38:02]          notify : [{"uid":"ww@ww.ww","e":"countdown","args":{"seat":1,"sec":9},"roomid":60}]
[2024/03/09 19:38:03]          notify : [{"e":"status","args":{"tid":65,"status":"started"}}]
[2024/03/09 19:38:03]          notify : [{"uid":"ww@ww.ww","e":"countdown","args":{"seat":1,"sec":8},"roomid":60}]
[2024/03/09 19:38:04]          notify : [{"e":"status","args":{"tid":65,"status":"started"}}]
[2024/03/09 19:38:04]          notify : [{"uid":"ww@ww.ww","e":"countdown","args":{"seat":1,"sec":7},"roomid":60}]
[2024/03/09 19:38:05]          notify : [{"e":"status","args":{"tid":65,"status":"started"}}]
[2024/03/09 19:38:05]          notify : [{"uid":"ww@ww.ww","e":"countdown","args":{"seat":1,"sec":6},"roomid":60}]
[2024/03/09 19:38:06]          notify : [{"e":"status","args":{"tid":65,"status":"started"}}]
[2024/03/09 19:38:06]          notify : [{"uid":"ww@ww.ww","e":"countdown","args":{"seat":1,"sec":5},"roomid":60}]
[2024/03/09 19:38:07]          notify : [{"e":"status","args":{"tid":65,"status":"started"}}]
[2024/03/09 19:38:07]          notify : [{"uid":"ww@ww.ww","e":"countdown","args":{"seat":1,"sec":4},"roomid":60}]
[2024/03/09 19:38:08]          notify : [{"e":"status","args":{"tid":65,"status":"started"}}]
[2024/03/09 19:38:08]          notify : [{"uid":"ww@ww.ww","e":"countdown","args":{"seat":1,"sec":3},"roomid":60}]
[2024/03/09 19:38:09]          notify : [{"e":"status","args":{"tid":65,"status":"started"}}]
[2024/03/09 19:38:09]          notify : [{"uid":"ww@ww.ww","e":"countdown","args":{"seat":1,"sec":2},"roomid":60}]
[2024/03/09 19:38:10]          notify : [{"e":"status","args":{"tid":65,"status":"started"}}]
[2024/03/09 19:38:10]          notify : [{"uid":"ww@ww.ww","e":"countdown","args":{"seat":1,"sec":1},"roomid":60}]
[2024/03/09 19:38:11]          notify : [{"e":"status","args":{"tid":65,"status":"started"}}]
[2024/03/09 19:38:11]          notify : [{"uid":"ww@ww.ww","e":"fold","args":{"seat":1,"uid":"ww@ww.ww"},"roomid":60}]
[2024/03/09 19:38:11]          notify : [{"uid":"ww@ww.ww","e":"prompt","args":{"fold":null,"check":null,"call":null,"raise":null,"all_in":null},"roomid":60}]
[2024/03/09 19:38:11]          notify : [{"uid":"ww@ww.ww","e":"gameover","args":[{"uid":"ww@ww.ww","name":"ww","avatar":"0","coins":300,"score":2,"exp":26,"level":"1","deposite":"99699","seat":1,"cards":[45,60],"chips":50,"prize":0},{"uid":"qq@qq.qq","name":"qq","avatar":"0","coins":300,"score":4,"exp":10,"level":"1","deposite":"99699","seat":0,"cards":[71,70],"chips":100,"prize":150}],"roomid":60}]
[2024/03/09 19:38:11]          notify : [{"uid":"ww@ww.ww","e":"prompt","args":{"fold":null,"check":null,"call":null,"raise":null,"all_in":null,"ready":true},"roomid":60}]
[2024/03/09 19:38:11]          notify : [{"uid":"ww@ww.ww","e":"ready","args":{"uid":"qq@qq.qq","where":0},"roomid":60}]
[2024/03/09 19:38:11]          notify : [{"uid":"ww@ww.ww","e":"ready","args":{"uid":"ww@ww.ww","where":1},"roomid":60}]
[2024/03/09 19:38:11]          notify : [{"uid":"ww@ww.ww","e":"gamestart","args":{"room":{"id":60,"type":"tournament","name":"QQQ","casino":57,"options":{"max_seats":3,"no_joker":true,"no_color":[],"no_number":[],"ready_countdown":1,"turn_countdown":20,"limit_rule":2,"limit":100,"limit_cap":-1,"min_buy":300,"small_blind":100,"big_blind":200},"seats_count":3,"seats_taken":2,"gamers_count":2,"gamers":{"qq@qq.qq":{"uid":"qq@qq.qq","name":"qq","avatar":"0","coins":200,"score":4,"exp":10,"level":"1","deposite":"99699"},"ww@ww.ww":{"uid":"ww@ww.ww","name":"ww","avatar":"0","coins":250,"score":2,"exp":26,"level":"1","deposite":"99699"}},"seats":["qq@qq.qq","ww@ww.ww",null],"cards":{},"chips":{"0":100,"1":50},"dealer_seat":0,"shared_cards":[],"pot":150,"pot_chips":[50,100],"max_chip":100,"last_raise":100},"seats":[1,0]},"roomid":60}]
[2024/03/09 19:38:11]          notify : [{"uid":"ww@ww.ww","e":"deal","args":{"deals":[[1,[0,0]],[0,[0,0]]],"delay":3},"roomid":60}]
[2024/03/09 19:38:11]          notify : [{"uid":"ww@ww.ww","e":"seecard","args":{"seat":1,"uid":"ww@ww.ww","cards":[75,58]},"roomid":60}]
[2024/03/09 19:38:12]          notify : [{"e":"status","args":{"tid":65,"status":"started"}}]
[2024/03/09 19:38:12]          notify : [{"uid":"ww@ww.ww","e":"moveturn","args":{"seat":1,"uid":"ww@ww.ww","countdown":20},"roomid":60}]
[2024/03/09 19:38:12]          notify : [{"uid":"ww@ww.ww","e":"prompt","args":{"fold":true,"call":true,"raise":"range,100,200","all_in":true},"roomid":60}]
[2024/03/09 19:38:13]          notify : [{"e":"status","args":{"tid":65,"status":"started"}}]
[2024/03/09 19:38:13]          notify : [{"uid":"ww@ww.ww","e":"countdown","args":{"seat":1,"sec":20},"roomid":60}]
[2024/03/09 19:38:14]          notify : [{"e":"status","args":{"tid":65,"status":"started"}}]
[2024/03/09 19:38:14]          notify : [{"uid":"ww@ww.ww","e":"countdown","args":{"seat":1,"sec":19},"roomid":60}]
[2024/03/09 19:38:15]          notify : [{"e":"status","args":{"tid":65,"status":"started"}}]
[2024/03/09 19:38:15]          notify : [{"uid":"ww@ww.ww","e":"countdown","args":{"seat":1,"sec":18},"roomid":60}]
[2024/03/09 19:38:16]          notify : [{"e":"status","args":{"tid":65,"status":"started"}}]
[2024/03/09 19:38:16]          notify : [{"uid":"ww@ww.ww","e":"countdown","args":{"seat":1,"sec":17},"roomid":60}]
[2024/03/09 19:38:17]          notify : [{"e":"status","args":{"tid":65,"status":"started"}}]
[2024/03/09 19:38:17]          notify : [{"uid":"ww@ww.ww","e":"countdown","args":{"seat":1,"sec":16},"roomid":60}]
[2024/03/09 19:38:18]          notify : [{"e":"status","args":{"tid":65,"status":"started"}}]
[2024/03/09 19:38:18]          notify : [{"uid":"ww@ww.ww","e":"countdown","args":{"seat":1,"sec":15},"roomid":60}]
[2024/03/09 19:38:19]          notify : [{"e":"status","args":{"tid":65,"status":"started"}}]
[2024/03/09 19:38:19]          notify : [{"uid":"ww@ww.ww","e":"countdown","args":{"seat":1,"sec":14},"roomid":60}]
[2024/03/09 19:38:20]          notify : [{"e":"status","args":{"tid":65,"status":"started"}}]
[2024/03/09 19:38:20]          notify : [{"uid":"ww@ww.ww","e":"countdown","args":{"seat":1,"sec":13},"roomid":60}]
[2024/03/09 19:38:21]          notify : [{"e":"status","args":{"tid":65,"status":"started"}}]
[2024/03/09 19:38:21]          notify : [{"uid":"ww@ww.ww","e":"countdown","args":{"seat":1,"sec":12},"roomid":60}]
[2024/03/09 19:38:22]          notify : [{"e":"status","args":{"tid":65,"status":"started"}}]
[2024/03/09 19:38:22]          notify : [{"uid":"ww@ww.ww","e":"countdown","args":{"seat":1,"sec":11},"roomid":60}]
[2024/03/09 19:38:23]          notify : [{"e":"status","args":{"tid":65,"status":"started"}}]
[2024/03/09 19:38:23]          notify : [{"uid":"ww@ww.ww","e":"countdown","args":{"seat":1,"sec":10},"roomid":60}]
[2024/03/09 19:38:24]          notify : [{"e":"status","args":{"tid":65,"status":"started"}}]
[2024/03/09 19:38:24]          notify : [{"uid":"ww@ww.ww","e":"countdown","args":{"seat":1,"sec":9},"roomid":60}]
[2024/03/09 19:38:24]          notify : [{"uid":"ww@ww.ww","e":"drop","args":{"uid":"qq@qq.qq","where":60},"roomid":60}]
[2024/03/09 19:38:25]          notify : [{"e":"status","args":{"tid":65,"status":"started"}}]
[2024/03/09 19:38:25]          notify : [{"uid":"ww@ww.ww","e":"countdown","args":{"seat":1,"sec":8},"roomid":60}]
[2024/03/09 19:38:26]          notify : [{"e":"status","args":{"tid":65,"status":"started"}}]
[2024/03/09 19:38:26]          notify : [{"uid":"ww@ww.ww","e":"countdown","args":{"seat":1,"sec":7},"roomid":60}]
[2024/03/09 19:38:26]          notify : [{"uid":"ww@ww.ww","e":"relogin","args":{"uid":"qq@qq.qq","where":60},"roomid":60}]
[2024/03/09 19:38:27]          notify : [{"e":"status","args":{"tid":65,"status":"started"}}]
[2024/03/09 19:38:27]          notify : [{"uid":"ww@ww.ww","e":"countdown","args":{"seat":1,"sec":6},"roomid":60}]
[2024/03/09 19:38:28]          notify : [{"e":"status","args":{"tid":65,"status":"started"}}]
[2024/03/09 19:38:28]          notify : [{"uid":"ww@ww.ww","e":"countdown","args":{"seat":1,"sec":5},"roomid":60}]
[2024/03/09 19:38:29]          notify : [{"e":"status","args":{"tid":65,"status":"started"}}]
[2024/03/09 19:38:29]          notify : [{"uid":"ww@ww.ww","e":"countdown","args":{"seat":1,"sec":4},"roomid":60}]
[2024/03/09 19:38:30]          notify : [{"e":"status","args":{"tid":65,"status":"started"}}]
[2024/03/09 19:38:30]          notify : [{"uid":"ww@ww.ww","e":"countdown","args":{"seat":1,"sec":3},"roomid":60}]
[2024/03/09 19:38:31]          notify : [{"e":"status","args":{"tid":65,"status":"started"}}]
[2024/03/09 19:38:31]          notify : [{"uid":"ww@ww.ww","e":"countdown","args":{"seat":1,"sec":2},"roomid":60}]
[2024/03/09 19:38:32]          notify : [{"e":"status","args":{"tid":65,"status":"started"}}]
[2024/03/09 19:38:32]          notify : [{"uid":"ww@ww.ww","e":"countdown","args":{"seat":1,"sec":1},"roomid":60}]
[2024/03/09 19:38:33]          notify : [{"e":"status","args":{"tid":65,"status":"started"}}]
[2024/03/09 19:38:33]          notify : [{"uid":"ww@ww.ww","e":"fold","args":{"seat":1,"uid":"ww@ww.ww"},"roomid":60}]
[2024/03/09 19:38:33]          notify : [{"uid":"ww@ww.ww","e":"prompt","args":{"fold":null,"check":null,"call":null,"raise":null,"all_in":null},"roomid":60}]
[2024/03/09 19:38:33]          notify : [{"uid":"ww@ww.ww","e":"gameover","args":[{"uid":"ww@ww.ww","name":"ww","avatar":"0","coins":250,"score":2,"exp":27,"level":"1","deposite":"99699","seat":1,"cards":[75,58],"chips":50,"prize":0},{"uid":"qq@qq.qq","name":"qq","avatar":"0","coins":350,"score":5,"exp":12,"level":"1","deposite":"99699","seat":0,"cards":[60,28],"chips":100,"prize":150}],"roomid":60}]
[2024/03/09 19:38:33]          notify : [{"uid":"ww@ww.ww","e":"prompt","args":{"fold":null,"check":null,"call":null,"raise":null,"all_in":null,"ready":true},"roomid":60}]
[2024/03/09 19:38:33]          notify : [{"uid":"ww@ww.ww","e":"ready","args":{"uid":"qq@qq.qq","where":0},"roomid":60}]
[2024/03/09 19:38:33]          notify : [{"uid":"ww@ww.ww","e":"ready","args":{"uid":"ww@ww.ww","where":1},"roomid":60}]
[2024/03/09 19:38:33]          notify : [{"uid":"ww@ww.ww","e":"gamestart","args":{"room":{"id":60,"type":"tournament","name":"QQQ","casino":57,"options":{"max_seats":3,"no_joker":true,"no_color":[],"no_number":[],"ready_countdown":1,"turn_countdown":20,"limit_rule":2,"limit":100,"limit_cap":-1,"min_buy":300,"small_blind":100,"big_blind":200},"seats_count":3,"seats_taken":2,"gamers_count":2,"gamers":{"qq@qq.qq":{"uid":"qq@qq.qq","name":"qq","avatar":"0","coins":250,"score":5,"exp":12,"level":"1","deposite":"99699"},"ww@ww.ww":{"uid":"ww@ww.ww","name":"ww","avatar":"0","coins":200,"score":2,"exp":27,"level":"1","deposite":"99699"}},"seats":["qq@qq.qq","ww@ww.ww",null],"cards":{},"chips":{"0":100,"1":50},"dealer_seat":0,"shared_cards":[],"pot":150,"pot_chips":[50,100],"max_chip":100,"last_raise":100},"seats":[1,0]},"roomid":60}]
[2024/03/09 19:38:33]          notify : [{"uid":"ww@ww.ww","e":"deal","args":{"deals":[[1,[0,0]],[0,[0,0]]],"delay":3},"roomid":60}]
[2024/03/09 19:38:33]          notify : [{"uid":"ww@ww.ww","e":"seecard","args":{"seat":1,"uid":"ww@ww.ww","cards":[26,71]},"roomid":60}]
[2024/03/09 19:38:34]          notify : [{"e":"status","args":{"tid":65,"status":"started"}}]
[2024/03/09 19:38:34]          notify : [{"uid":"ww@ww.ww","e":"moveturn","args":{"seat":1,"uid":"ww@ww.ww","countdown":20},"roomid":60}]
[2024/03/09 19:38:34]          notify : [{"uid":"ww@ww.ww","e":"prompt","args":{"fold":true,"call":true,"raise":"range,100,150","all_in":true},"roomid":60}]
[2024/03/09 19:38:35]          notify : [{"e":"status","args":{"tid":65,"status":"started"}}]
[2024/03/09 19:38:35]          notify : [{"uid":"ww@ww.ww","e":"countdown","args":{"seat":1,"sec":20},"roomid":60}]
[2024/03/09 19:38:36]          notify : [{"e":"status","args":{"tid":65,"status":"started"}}]
[2024/03/09 19:38:36]          notify : [{"uid":"ww@ww.ww","e":"countdown","args":{"seat":1,"sec":19},"roomid":60}]
[2024/03/09 19:38:37]          notify : [{"e":"status","args":{"tid":65,"status":"started"}}]
[2024/03/09 19:38:37]          notify : [{"uid":"ww@ww.ww","e":"countdown","args":{"seat":1,"sec":18},"roomid":60}]
[2024/03/09 19:38:38]          notify : [{"e":"status","args":{"tid":65,"status":"started"}}]
[2024/03/09 19:38:38]          notify : [{"uid":"ww@ww.ww","e":"countdown","args":{"seat":1,"sec":17},"roomid":60}]
[2024/03/09 19:38:39]          notify : [{"e":"status","args":{"tid":65,"status":"started"}}]
[2024/03/09 19:38:39]          notify : [{"uid":"ww@ww.ww","e":"countdown","args":{"seat":1,"sec":16},"roomid":60}]
[2024/03/09 19:38:40]          notify : [{"e":"status","args":{"tid":65,"status":"started"}}]
[2024/03/09 19:38:40]          notify : [{"uid":"ww@ww.ww","e":"countdown","args":{"seat":1,"sec":15},"roomid":60}]
[2024/03/09 19:38:41]          notify : [{"e":"status","args":{"tid":65,"status":"started"}}]
[2024/03/09 19:38:41]          notify : [{"uid":"ww@ww.ww","e":"countdown","args":{"seat":1,"sec":14},"roomid":60}]
[2024/03/09 19:38:42]          notify : [{"e":"status","args":{"tid":65,"status":"started"}}]
[2024/03/09 19:38:42]          notify : [{"uid":"ww@ww.ww","e":"countdown","args":{"seat":1,"sec":13},"roomid":60}]
[2024/03/09 19:38:42]          notify : [{"uid":"ww@ww.ww","e":"drop","args":{"uid":"qq@qq.qq","where":60},"roomid":60}]
[2024/03/09 19:38:43]          notify : [{"e":"status","args":{"tid":65,"status":"started"}}]
[2024/03/09 19:38:43]          notify : [{"uid":"ww@ww.ww","e":"countdown","args":{"seat":1,"sec":12},"roomid":60}]
[2024/03/09 19:38:44]          notify : [{"e":"status","args":{"tid":65,"status":"started"}}]
[2024/03/09 19:38:44]          notify : [{"uid":"ww@ww.ww","e":"countdown","args":{"seat":1,"sec":11},"roomid":60}]
[2024/03/09 19:38:44]          notify : [{"uid":"ww@ww.ww","e":"relogin","args":{"uid":"qq@qq.qq","where":60},"roomid":60}]
[2024/03/09 19:38:45]          notify : [{"e":"status","args":{"tid":65,"status":"started"}}]
[2024/03/09 19:38:45]          notify : [{"uid":"ww@ww.ww","e":"countdown","args":{"seat":1,"sec":10},"roomid":60}]
[2024/03/09 19:38:46]          notify : [{"e":"status","args":{"tid":65,"status":"started"}}]
[2024/03/09 19:38:46]          notify : [{"uid":"ww@ww.ww","e":"countdown","args":{"seat":1,"sec":9},"roomid":60}]
[2024/03/09 19:38:47]          notify : [{"e":"status","args":{"tid":65,"status":"started"}}]
[2024/03/09 19:38:47]          notify : [{"uid":"ww@ww.ww","e":"countdown","args":{"seat":1,"sec":8},"roomid":60}]
[2024/03/09 19:38:48]          notify : [{"e":"status","args":{"tid":65,"status":"started"}}]
[2024/03/09 19:38:48]          notify : [{"uid":"ww@ww.ww","e":"countdown","args":{"seat":1,"sec":7},"roomid":60}]
[2024/03/09 19:38:49]          notify : [{"e":"status","args":{"tid":65,"status":"started"}}]
[2024/03/09 19:38:49]          notify : [{"uid":"ww@ww.ww","e":"countdown","args":{"seat":1,"sec":6},"roomid":60}]
[2024/03/09 19:38:50]          notify : [{"e":"status","args":{"tid":65,"status":"started"}}]
[2024/03/09 19:38:50]          notify : [{"uid":"ww@ww.ww","e":"countdown","args":{"seat":1,"sec":5},"roomid":60}]
[2024/03/09 19:38:51]          notify : [{"e":"status","args":{"tid":65,"status":"started"}}]
[2024/03/09 19:38:51]          notify : [{"uid":"ww@ww.ww","e":"countdown","args":{"seat":1,"sec":4},"roomid":60}]
[2024/03/09 19:38:52]          notify : [{"e":"status","args":{"tid":65,"status":"started"}}]
[2024/03/09 19:38:52]          notify : [{"uid":"ww@ww.ww","e":"countdown","args":{"seat":1,"sec":3},"roomid":60}]
[2024/03/09 19:38:53]          notify : [{"e":"status","args":{"tid":65,"status":"started"}}]
[2024/03/09 19:38:53]          notify : [{"uid":"ww@ww.ww","e":"countdown","args":{"seat":1,"sec":2},"roomid":60}]
[2024/03/09 19:38:54]          notify : [{"e":"status","args":{"tid":65,"status":"started"}}]
[2024/03/09 19:38:54]          notify : [{"uid":"ww@ww.ww","e":"countdown","args":{"seat":1,"sec":1},"roomid":60}]
[2024/03/09 19:38:55]          notify : [{"e":"status","args":{"tid":65,"status":"started"}}]
[2024/03/09 19:38:55]          notify : [{"uid":"ww@ww.ww","e":"fold","args":{"seat":1,"uid":"ww@ww.ww"},"roomid":60}]
[2024/03/09 19:38:55]          notify : [{"uid":"ww@ww.ww","e":"prompt","args":{"fold":null,"check":null,"call":null,"raise":null,"all_in":null},"roomid":60}]
[2024/03/09 19:38:55]          notify : [{"uid":"ww@ww.ww","e":"gameover","args":[{"uid":"ww@ww.ww","name":"ww","avatar":"0","coins":200,"score":2,"exp":28,"level":"1","deposite":"99699","seat":1,"cards":[26,71],"chips":50,"prize":0},{"uid":"qq@qq.qq","name":"qq","avatar":"0","coins":400,"score":6,"exp":14,"level":"1","deposite":"99699","seat":0,"cards":[78,50],"chips":100,"prize":150}],"roomid":60}]
[2024/03/09 19:38:55]          notify : [{"uid":"ww@ww.ww","e":"prompt","args":{"fold":null,"check":null,"call":null,"raise":null,"all_in":null,"ready":true},"roomid":60}]
[2024/03/09 19:38:55]          notify : [{"uid":"ww@ww.ww","e":"ready","args":{"uid":"qq@qq.qq","where":0},"roomid":60}]
[2024/03/09 19:38:55]          notify : [{"uid":"ww@ww.ww","e":"ready","args":{"uid":"ww@ww.ww","where":1},"roomid":60}]
[2024/03/09 19:38:55]          notify : [{"uid":"ww@ww.ww","e":"gamestart","args":{"room":{"id":60,"type":"tournament","name":"QQQ","casino":57,"options":{"max_seats":3,"no_joker":true,"no_color":[],"no_number":[],"ready_countdown":1,"turn_countdown":20,"limit_rule":2,"limit":100,"limit_cap":-1,"min_buy":300,"small_blind":100,"big_blind":200},"seats_count":3,"seats_taken":2,"gamers_count":2,"gamers":{"qq@qq.qq":{"uid":"qq@qq.qq","name":"qq","avatar":"0","coins":300,"score":6,"exp":14,"level":"1","deposite":"99699"},"ww@ww.ww":{"uid":"ww@ww.ww","name":"ww","avatar":"0","coins":150,"score":2,"exp":28,"level":"1","deposite":"99699"}},"seats":["qq@qq.qq","ww@ww.ww",null],"cards":{},"chips":{"0":100,"1":50},"dealer_seat":0,"shared_cards":[],"pot":150,"pot_chips":[50,100],"max_chip":100,"last_raise":100},"seats":[1,0]},"roomid":60}]
[2024/03/09 19:38:55]          notify : [{"uid":"ww@ww.ww","e":"deal","args":{"deals":[[1,[0,0]],[0,[0,0]]],"delay":3},"roomid":60}]
[2024/03/09 19:38:55]          notify : [{"uid":"ww@ww.ww","e":"seecard","args":{"seat":1,"uid":"ww@ww.ww","cards":[24,36]},"roomid":60}]
[2024/03/09 19:38:56]          notify : [{"e":"status","args":{"tid":65,"status":"started"}}]
[2024/03/09 19:38:56]          notify : [{"uid":"ww@ww.ww","e":"moveturn","args":{"seat":1,"uid":"ww@ww.ww","countdown":20},"roomid":60}]
[2024/03/09 19:38:56]          notify : [{"uid":"ww@ww.ww","e":"prompt","args":{"fold":true,"call":true,"raise":"range,100,100","all_in":true},"roomid":60}]
[2024/03/09 19:38:57]          notify : [{"e":"status","args":{"tid":65,"status":"started"}}]
[2024/03/09 19:38:57]          notify : [{"uid":"ww@ww.ww","e":"countdown","args":{"seat":1,"sec":20},"roomid":60}]
[2024/03/09 19:38:58]          notify : [{"e":"status","args":{"tid":65,"status":"started"}}]
[2024/03/09 19:38:58]          notify : [{"uid":"ww@ww.ww","e":"countdown","args":{"seat":1,"sec":19},"roomid":60}]
[2024/03/09 19:38:59]          notify : [{"e":"status","args":{"tid":65,"status":"started"}}]
[2024/03/09 19:38:59]          notify : [{"uid":"ww@ww.ww","e":"countdown","args":{"seat":1,"sec":18},"roomid":60}]
[2024/03/09 19:38:59]          notify : [{"uid":"ww@ww.ww","e":"call","args":{"seat":1,"uid":"ww@ww.ww","call":50,"raise":0},"roomid":60}]
[2024/03/09 19:38:59]          rpc_ret : [{"seq":"1530281421","err":0,"ret":{},"roomid":60}]
[2024/03/09 19:38:59]          notify : [{"uid":"ww@ww.ww","e":"prompt","args":{"fold":null,"check":null,"call":null,"raise":null,"all_in":null},"roomid":60}]
[2024/03/09 19:38:59]          notify : [{"uid":"ww@ww.ww","e":"moveturn","args":{"seat":0,"uid":"qq@qq.qq","countdown":20},"roomid":60}]
[2024/03/09 19:39:00]          notify : [{"e":"status","args":{"tid":65,"status":"started"}}]
[2024/03/09 19:39:00]          notify : [{"uid":"ww@ww.ww","e":"countdown","args":{"seat":0,"sec":20},"roomid":60}]
[2024/03/09 19:39:01]          notify : [{"e":"status","args":{"tid":65,"status":"started"}}]
[2024/03/09 19:39:01]          notify : [{"uid":"ww@ww.ww","e":"countdown","args":{"seat":0,"sec":19},"roomid":60}]
[2024/03/09 19:39:02]          notify : [{"e":"status","args":{"tid":65,"status":"started"}}]
[2024/03/09 19:39:02]          notify : [{"uid":"ww@ww.ww","e":"countdown","args":{"seat":0,"sec":18},"roomid":60}]
[2024/03/09 19:39:03]          notify : [{"e":"status","args":{"tid":65,"status":"started"}}]
[2024/03/09 19:39:03]          notify : [{"uid":"ww@ww.ww","e":"countdown","args":{"seat":0,"sec":17},"roomid":60}]
[2024/03/09 19:39:04]          notify : [{"e":"status","args":{"tid":65,"status":"started"}}]
[2024/03/09 19:39:04]          notify : [{"uid":"ww@ww.ww","e":"countdown","args":{"seat":0,"sec":16},"roomid":60}]
[2024/03/09 19:39:05]          notify : [{"e":"status","args":{"tid":65,"status":"started"}}]
[2024/03/09 19:39:05]          notify : [{"uid":"ww@ww.ww","e":"countdown","args":{"seat":0,"sec":15},"roomid":60}]
[2024/03/09 19:39:06]          notify : [{"e":"status","args":{"tid":65,"status":"started"}}]
[2024/03/09 19:39:06]          notify : [{"uid":"ww@ww.ww","e":"countdown","args":{"seat":0,"sec":14},"roomid":60}]
[2024/03/09 19:39:07]          notify : [{"e":"status","args":{"tid":65,"status":"started"}}]
[2024/03/09 19:39:07]          notify : [{"uid":"ww@ww.ww","e":"countdown","args":{"seat":0,"sec":13},"roomid":60}]
[2024/03/09 19:39:08]          notify : [{"e":"status","args":{"tid":65,"status":"started"}}]
[2024/03/09 19:39:08]          notify : [{"uid":"ww@ww.ww","e":"countdown","args":{"seat":0,"sec":12},"roomid":60}]
[2024/03/09 19:39:09]          notify : [{"e":"status","args":{"tid":65,"status":"started"}}]
[2024/03/09 19:39:09]          notify : [{"uid":"ww@ww.ww","e":"countdown","args":{"seat":0,"sec":11},"roomid":60}]
[2024/03/09 19:39:10]          notify : [{"e":"status","args":{"tid":65,"status":"started"}}]
[2024/03/09 19:39:10]          notify : [{"uid":"ww@ww.ww","e":"countdown","args":{"seat":0,"sec":10},"roomid":60}]
[2024/03/09 19:39:11]          notify : [{"e":"status","args":{"tid":65,"status":"started"}}]
[2024/03/09 19:39:11]          notify : [{"uid":"ww@ww.ww","e":"countdown","args":{"seat":0,"sec":9},"roomid":60}]
[2024/03/09 19:39:12]          notify : [{"e":"status","args":{"tid":65,"status":"started"}}]
[2024/03/09 19:39:12]          notify : [{"uid":"ww@ww.ww","e":"countdown","args":{"seat":0,"sec":8},"roomid":60}]
[2024/03/09 19:39:13]          notify : [{"e":"status","args":{"tid":65,"status":"started"}}]
[2024/03/09 19:39:13]          notify : [{"uid":"ww@ww.ww","e":"countdown","args":{"seat":0,"sec":7},"roomid":60}]
[2024/03/09 19:39:14]          notify : [{"e":"status","args":{"tid":65,"status":"started"}}]
[2024/03/09 19:39:14]          notify : [{"uid":"ww@ww.ww","e":"countdown","args":{"seat":0,"sec":6},"roomid":60}]
[2024/03/09 19:39:15]          notify : [{"e":"status","args":{"tid":65,"status":"started"}}]
[2024/03/09 19:39:15]          notify : [{"uid":"ww@ww.ww","e":"countdown","args":{"seat":0,"sec":5},"roomid":60}]
[2024/03/09 19:39:16]          notify : [{"e":"status","args":{"tid":65,"status":"started"}}]
[2024/03/09 19:39:16]          notify : [{"uid":"ww@ww.ww","e":"countdown","args":{"seat":0,"sec":4},"roomid":60}]
[2024/03/09 19:39:17]          notify : [{"e":"status","args":{"tid":65,"status":"started"}}]
[2024/03/09 19:39:17]          notify : [{"uid":"ww@ww.ww","e":"countdown","args":{"seat":0,"sec":3},"roomid":60}]
[2024/03/09 19:39:18]          notify : [{"e":"status","args":{"tid":65,"status":"started"}}]
[2024/03/09 19:39:18]          notify : [{"uid":"ww@ww.ww","e":"countdown","args":{"seat":0,"sec":2},"roomid":60}]
[2024/03/09 19:39:19]          notify : [{"e":"status","args":{"tid":65,"status":"started"}}]
[2024/03/09 19:39:19]          notify : [{"uid":"ww@ww.ww","e":"countdown","args":{"seat":0,"sec":1},"roomid":60}]
[2024/03/09 19:39:20]          notify : [{"e":"status","args":{"tid":65,"status":"started"}}]
[2024/03/09 19:39:20]          notify : [{"uid":"ww@ww.ww","e":"fold","args":{"seat":0,"uid":"qq@qq.qq"},"roomid":60}]
[2024/03/09 19:39:20]          notify : [{"uid":"ww@ww.ww","e":"gameover","args":[{"uid":"qq@qq.qq","name":"qq","avatar":"0","coins":300,"score":6,"exp":15,"level":"1","deposite":"99699","seat":0,"cards":[61,53],"chips":100,"prize":0},{"uid":"ww@ww.ww","name":"ww","avatar":"0","coins":300,"score":3,"exp":30,"level":"1","deposite":"99699","seat":1,"cards":[24,36],"chips":100,"prize":200}],"roomid":60}]
[2024/03/09 19:39:20]          notify : [{"uid":"ww@ww.ww","e":"prompt","args":{"fold":null,"check":null,"call":null,"raise":null,"all_in":null,"ready":true},"roomid":60}]
[2024/03/09 19:39:20]          notify : [{"uid":"ww@ww.ww","e":"ready","args":{"uid":"qq@qq.qq","where":0},"roomid":60}]
[2024/03/09 19:39:20]          notify : [{"uid":"ww@ww.ww","e":"ready","args":{"uid":"ww@ww.ww","where":1},"roomid":60}]
[2024/03/09 19:39:20]          notify : [{"uid":"ww@ww.ww","e":"gamestart","args":{"room":{"id":60,"type":"tournament","name":"QQQ","casino":57,"options":{"max_seats":3,"no_joker":true,"no_color":[],"no_number":[],"ready_countdown":1,"turn_countdown":20,"limit_rule":2,"limit":100,"limit_cap":-1,"min_buy":300,"small_blind":100,"big_blind":200},"seats_count":3,"seats_taken":2,"gamers_count":2,"gamers":{"qq@qq.qq":{"uid":"qq@qq.qq","name":"qq","avatar":"0","coins":200,"score":6,"exp":15,"level":"1","deposite":"99699"},"ww@ww.ww":{"uid":"ww@ww.ww","name":"ww","avatar":"0","coins":250,"score":3,"exp":30,"level":"1","deposite":"99699"}},"seats":["qq@qq.qq","ww@ww.ww",null],"cards":{},"chips":{"0":100,"1":50},"dealer_seat":0,"shared_cards":[],"pot":150,"pot_chips":[50,100],"max_chip":100,"last_raise":100},"seats":[1,0]},"roomid":60}]
[2024/03/09 19:39:20]          notify : [{"uid":"ww@ww.ww","e":"deal","args":{"deals":[[1,[0,0]],[0,[0,0]]],"delay":3},"roomid":60}]
[2024/03/09 19:39:20]          notify : [{"uid":"ww@ww.ww","e":"seecard","args":{"seat":1,"uid":"ww@ww.ww","cards":[76,55]},"roomid":60}]
[2024/03/09 19:39:21]          notify : [{"e":"status","args":{"tid":65,"status":"started"}}]
[2024/03/09 19:39:21]          notify : [{"uid":"ww@ww.ww","e":"moveturn","args":{"seat":1,"uid":"ww@ww.ww","countdown":20},"roomid":60}]
[2024/03/09 19:39:21]          notify : [{"uid":"ww@ww.ww","e":"prompt","args":{"fold":true,"call":true,"raise":"range,100,200","all_in":true},"roomid":60}]
[2024/03/09 19:39:22]          notify : [{"e":"status","args":{"tid":65,"status":"started"}}]
[2024/03/09 19:39:22]          notify : [{"uid":"ww@ww.ww","e":"countdown","args":{"seat":1,"sec":20},"roomid":60}]
[2024/03/09 19:39:23]          notify : [{"e":"status","args":{"tid":65,"status":"started"}}]
[2024/03/09 19:39:23]          notify : [{"uid":"ww@ww.ww","e":"countdown","args":{"seat":1,"sec":19},"roomid":60}]
[2024/03/09 19:39:24]          notify : [{"e":"status","args":{"tid":65,"status":"started"}}]
[2024/03/09 19:39:24]          notify : [{"uid":"ww@ww.ww","e":"countdown","args":{"seat":1,"sec":18},"roomid":60}]
[2024/03/09 19:39:25]          notify : [{"e":"status","args":{"tid":65,"status":"started"}}]
[2024/03/09 19:39:25]          notify : [{"uid":"ww@ww.ww","e":"countdown","args":{"seat":1,"sec":17},"roomid":60}]
[2024/03/09 19:39:26]          notify : [{"e":"status","args":{"tid":65,"status":"started"}}]
[2024/03/09 19:39:26]          notify : [{"uid":"ww@ww.ww","e":"countdown","args":{"seat":1,"sec":16},"roomid":60}]
[2024/03/09 19:39:27]          notify : [{"e":"status","args":{"tid":65,"status":"started"}}]
[2024/03/09 19:39:27]          notify : [{"uid":"ww@ww.ww","e":"countdown","args":{"seat":1,"sec":15},"roomid":60}]
[2024/03/09 19:39:28]          notify : [{"e":"status","args":{"tid":65,"status":"started"}}]
[2024/03/09 19:39:28]          notify : [{"uid":"ww@ww.ww","e":"countdown","args":{"seat":1,"sec":14},"roomid":60}]
[2024/03/09 19:39:29]          notify : [{"e":"status","args":{"tid":65,"status":"started"}}]
[2024/03/09 19:39:29]          notify : [{"uid":"ww@ww.ww","e":"countdown","args":{"seat":1,"sec":13},"roomid":60}]
[2024/03/09 19:39:30]          notify : [{"e":"status","args":{"tid":65,"status":"started"}}]
[2024/03/09 19:39:30]          notify : [{"uid":"ww@ww.ww","e":"countdown","args":{"seat":1,"sec":12},"roomid":60}]
[2024/03/09 19:39:30]          rpc_ret : [{"seq":"1749217548","err":400,"ret":"no enough coins, need: 300","roomid":60}]
[2024/03/09 19:39:31]          notify : [{"e":"status","args":{"tid":65,"status":"started"}}]
[2024/03/09 19:39:31]          notify : [{"uid":"ww@ww.ww","e":"countdown","args":{"seat":1,"sec":11},"roomid":60}]
[2024/03/09 19:39:32]          notify : [{"e":"status","args":{"tid":65,"status":"started"}}]
[2024/03/09 19:39:32]          notify : [{"uid":"ww@ww.ww","e":"countdown","args":{"seat":1,"sec":10},"roomid":60}]
[2024/03/09 19:39:33]          notify : [{"e":"status","args":{"tid":65,"status":"started"}}]
[2024/03/09 19:39:33]          notify : [{"uid":"ww@ww.ww","e":"countdown","args":{"seat":1,"sec":9},"roomid":60}]
[2024/03/09 19:39:34]          notify : [{"e":"status","args":{"tid":65,"status":"started"}}]
[2024/03/09 19:39:34]          notify : [{"uid":"ww@ww.ww","e":"countdown","args":{"seat":1,"sec":8},"roomid":60}]
[2024/03/09 19:39:34]          notify : [{"uid":"ww@ww.ww","e":"call","args":{"seat":1,"uid":"ww@ww.ww","call":50,"raise":0},"roomid":60}]
[2024/03/09 19:39:34]          rpc_ret : [{"seq":"1058778383","err":0,"ret":{},"roomid":60}]
[2024/03/09 19:39:34]          notify : [{"uid":"ww@ww.ww","e":"prompt","args":{"fold":null,"check":null,"call":null,"raise":null,"all_in":null},"roomid":60}]
[2024/03/09 19:39:34]          notify : [{"uid":"ww@ww.ww","e":"moveturn","args":{"seat":0,"uid":"qq@qq.qq","countdown":20},"roomid":60}]
[2024/03/09 19:39:35]          notify : [{"e":"status","args":{"tid":65,"status":"started"}}]
[2024/03/09 19:39:35]          notify : [{"uid":"ww@ww.ww","e":"countdown","args":{"seat":0,"sec":20},"roomid":60}]
[2024/03/09 19:39:36]          notify : [{"e":"status","args":{"tid":65,"status":"started"}}]
[2024/03/09 19:39:36]          notify : [{"uid":"ww@ww.ww","e":"countdown","args":{"seat":0,"sec":19},"roomid":60}]
[2024/03/09 19:39:37]          notify : [{"e":"status","args":{"tid":65,"status":"started"}}]
[2024/03/09 19:39:37]          notify : [{"uid":"ww@ww.ww","e":"countdown","args":{"seat":0,"sec":18},"roomid":60}]
[2024/03/09 19:39:38]          notify : [{"e":"status","args":{"tid":65,"status":"started"}}]
[2024/03/09 19:39:38]          notify : [{"uid":"ww@ww.ww","e":"countdown","args":{"seat":0,"sec":17},"roomid":60}]
[2024/03/09 19:39:39]          notify : [{"e":"status","args":{"tid":65,"status":"started"}}]
[2024/03/09 19:39:39]          notify : [{"uid":"ww@ww.ww","e":"countdown","args":{"seat":0,"sec":16},"roomid":60}]
[2024/03/09 19:39:40]          notify : [{"e":"status","args":{"tid":65,"status":"started"}}]
[2024/03/09 19:39:40]          notify : [{"uid":"ww@ww.ww","e":"countdown","args":{"seat":0,"sec":15},"roomid":60}]
[2024/03/09 19:39:41]          notify : [{"e":"status","args":{"tid":65,"status":"started"}}]
[2024/03/09 19:39:41]          notify : [{"uid":"ww@ww.ww","e":"countdown","args":{"seat":0,"sec":14},"roomid":60}]
[2024/03/09 19:39:42]          notify : [{"e":"status","args":{"tid":65,"status":"started"}}]
[2024/03/09 19:39:42]          notify : [{"uid":"ww@ww.ww","e":"countdown","args":{"seat":0,"sec":13},"roomid":60}]
[2024/03/09 19:39:43]          notify : [{"e":"status","args":{"tid":65,"status":"started"}}]
[2024/03/09 19:39:43]          notify : [{"uid":"ww@ww.ww","e":"countdown","args":{"seat":0,"sec":12},"roomid":60}]
[2024/03/09 19:39:44]          notify : [{"e":"status","args":{"tid":65,"status":"started"}}]
[2024/03/09 19:39:44]          notify : [{"uid":"ww@ww.ww","e":"countdown","args":{"seat":0,"sec":11},"roomid":60}]
[2024/03/09 19:39:45]          notify : [{"e":"status","args":{"tid":65,"status":"started"}}]
[2024/03/09 19:39:45]          notify : [{"uid":"ww@ww.ww","e":"countdown","args":{"seat":0,"sec":10},"roomid":60}]
[2024/03/09 19:39:46]          notify : [{"e":"status","args":{"tid":65,"status":"started"}}]
[2024/03/09 19:39:46]          notify : [{"uid":"ww@ww.ww","e":"countdown","args":{"seat":0,"sec":9},"roomid":60}]
[2024/03/09 19:39:47]          notify : [{"e":"status","args":{"tid":65,"status":"started"}}]
[2024/03/09 19:39:47]          notify : [{"uid":"ww@ww.ww","e":"countdown","args":{"seat":0,"sec":8},"roomid":60}]
[2024/03/09 19:39:48]          notify : [{"e":"status","args":{"tid":65,"status":"started"}}]
[2024/03/09 19:39:48]          notify : [{"uid":"ww@ww.ww","e":"countdown","args":{"seat":0,"sec":7},"roomid":60}]
[2024/03/09 19:39:49]          notify : [{"e":"status","args":{"tid":65,"status":"started"}}]
[2024/03/09 19:39:49]          notify : [{"uid":"ww@ww.ww","e":"countdown","args":{"seat":0,"sec":6},"roomid":60}]
[2024/03/09 19:39:50]          notify : [{"e":"status","args":{"tid":65,"status":"started"}}]
[2024/03/09 19:39:50]          notify : [{"uid":"ww@ww.ww","e":"countdown","args":{"seat":0,"sec":5},"roomid":60}]
[2024/03/09 19:39:51]          notify : [{"e":"status","args":{"tid":65,"status":"started"}}]
[2024/03/09 19:39:51]          notify : [{"uid":"ww@ww.ww","e":"countdown","args":{"seat":0,"sec":4},"roomid":60}]
[2024/03/09 19:39:52]          notify : [{"e":"status","args":{"tid":65,"status":"started"}}]
[2024/03/09 19:39:52]          notify : [{"uid":"ww@ww.ww","e":"countdown","args":{"seat":0,"sec":3},"roomid":60}]
[2024/03/09 19:39:53]          notify : [{"e":"status","args":{"tid":65,"status":"started"}}]
[2024/03/09 19:39:53]          notify : [{"uid":"ww@ww.ww","e":"countdown","args":{"seat":0,"sec":2},"roomid":60}]
[2024/03/09 19:39:54]          notify : [{"e":"status","args":{"tid":65,"status":"started"}}]
[2024/03/09 19:39:54]          notify : [{"uid":"ww@ww.ww","e":"countdown","args":{"seat":0,"sec":1},"roomid":60}]
[2024/03/09 19:39:55]          notify : [{"e":"status","args":{"tid":65,"status":"started"}}]
[2024/03/09 19:39:55]          notify : [{"uid":"ww@ww.ww","e":"fold","args":{"seat":0,"uid":"qq@qq.qq"},"roomid":60}]
[2024/03/09 19:39:55]          notify : [{"uid":"ww@ww.ww","e":"gameover","args":[{"uid":"qq@qq.qq","name":"qq","avatar":"0","coins":200,"score":6,"exp":16,"level":"1","deposite":"99699","seat":0,"cards":[54,35],"chips":100,"prize":0},{"uid":"ww@ww.ww","name":"ww","avatar":"0","coins":400,"score":4,"exp":32,"level":"1","deposite":"99699","seat":1,"cards":[76,55],"chips":100,"prize":200}],"roomid":60}]
[2024/03/09 19:39:55]          notify : [{"uid":"ww@ww.ww","e":"prompt","args":{"fold":null,"check":null,"call":null,"raise":null,"all_in":null,"ready":true},"roomid":60}]
[2024/03/09 19:39:55]          notify : [{"uid":"ww@ww.ww","e":"ready","args":{"uid":"qq@qq.qq","where":0},"roomid":60}]
[2024/03/09 19:39:55]          notify : [{"uid":"ww@ww.ww","e":"ready","args":{"uid":"ww@ww.ww","where":1},"roomid":60}]
[2024/03/09 19:39:55]          notify : [{"uid":"ww@ww.ww","e":"gamestart","args":{"room":{"id":60,"type":"tournament","name":"QQQ","casino":57,"options":{"max_seats":3,"no_joker":true,"no_color":[],"no_number":[],"ready_countdown":1,"turn_countdown":20,"limit_rule":2,"limit":100,"limit_cap":-1,"min_buy":300,"small_blind":100,"big_blind":200},"seats_count":3,"seats_taken":2,"gamers_count":2,"gamers":{"qq@qq.qq":{"uid":"qq@qq.qq","name":"qq","avatar":"0","coins":100,"score":6,"exp":16,"level":"1","deposite":"99699"},"ww@ww.ww":{"uid":"ww@ww.ww","name":"ww","avatar":"0","coins":350,"score":4,"exp":32,"level":"1","deposite":"99699"}},"seats":["qq@qq.qq","ww@ww.ww",null],"cards":{},"chips":{"0":100,"1":50},"dealer_seat":0,"shared_cards":[],"pot":150,"pot_chips":[50,100],"max_chip":100,"last_raise":100},"seats":[1,0]},"roomid":60}]
[2024/03/09 19:39:55]          notify : [{"uid":"ww@ww.ww","e":"deal","args":{"deals":[[1,[0,0]],[0,[0,0]]],"delay":3},"roomid":60}]
[2024/03/09 19:39:55]          notify : [{"uid":"ww@ww.ww","e":"seecard","args":{"seat":1,"uid":"ww@ww.ww","cards":[75,19]},"roomid":60}]
[2024/03/09 19:39:56]          notify : [{"e":"status","args":{"tid":65,"status":"started"}}]
[2024/03/09 19:39:56]          notify : [{"uid":"ww@ww.ww","e":"moveturn","args":{"seat":1,"uid":"ww@ww.ww","countdown":20},"roomid":60}]
[2024/03/09 19:39:56]          notify : [{"uid":"ww@ww.ww","e":"prompt","args":{"fold":true,"call":true,"raise":"range,100,300","all_in":true},"roomid":60}]
[2024/03/09 19:39:57]          notify : [{"e":"status","args":{"tid":65,"status":"started"}}]
[2024/03/09 19:39:57]          notify : [{"uid":"ww@ww.ww","e":"countdown","args":{"seat":1,"sec":20},"roomid":60}]
[2024/03/09 19:39:58]          notify : [{"e":"status","args":{"tid":65,"status":"started"}}]
[2024/03/09 19:39:58]          notify : [{"uid":"ww@ww.ww","e":"countdown","args":{"seat":1,"sec":19},"roomid":60}]
[2024/03/09 19:39:59]          notify : [{"e":"status","args":{"tid":65,"status":"started"}}]
[2024/03/09 19:39:59]          notify : [{"uid":"ww@ww.ww","e":"countdown","args":{"seat":1,"sec":18},"roomid":60}]
[2024/03/09 19:40:00]          notify : [{"e":"status","args":{"tid":65,"status":"started"}}]
[2024/03/09 19:40:00]          notify : [{"uid":"ww@ww.ww","e":"countdown","args":{"seat":1,"sec":17},"roomid":60}]
[2024/03/09 19:40:01]          notify : [{"e":"status","args":{"tid":65,"status":"started"}}]
[2024/03/09 19:40:01]          notify : [{"uid":"ww@ww.ww","e":"countdown","args":{"seat":1,"sec":16},"roomid":60}]
[2024/03/09 19:40:02]          notify : [{"e":"status","args":{"tid":65,"status":"started"}}]
[2024/03/09 19:40:02]          notify : [{"uid":"ww@ww.ww","e":"countdown","args":{"seat":1,"sec":15},"roomid":60}]
[2024/03/09 19:40:03]          notify : [{"e":"status","args":{"tid":65,"status":"started"}}]
[2024/03/09 19:40:03]          notify : [{"uid":"ww@ww.ww","e":"countdown","args":{"seat":1,"sec":14},"roomid":60}]
[2024/03/09 19:40:04]          notify : [{"e":"status","args":{"tid":65,"status":"started"}}]
[2024/03/09 19:40:04]          notify : [{"uid":"ww@ww.ww","e":"countdown","args":{"seat":1,"sec":13},"roomid":60}]
[2024/03/09 19:40:05]          notify : [{"e":"status","args":{"tid":65,"status":"started"}}]
[2024/03/09 19:40:05]          notify : [{"uid":"ww@ww.ww","e":"countdown","args":{"seat":1,"sec":12},"roomid":60}]
[2024/03/09 19:40:06]          notify : [{"e":"status","args":{"tid":65,"status":"started"}}]
[2024/03/09 19:40:06]          notify : [{"uid":"ww@ww.ww","e":"countdown","args":{"seat":1,"sec":11},"roomid":60}]
[2024/03/09 19:40:07]          notify : [{"e":"status","args":{"tid":65,"status":"started"}}]
[2024/03/09 19:40:07]          notify : [{"uid":"ww@ww.ww","e":"countdown","args":{"seat":1,"sec":10},"roomid":60}]
[2024/03/09 19:40:08]          notify : [{"e":"status","args":{"tid":65,"status":"started"}}]
[2024/03/09 19:40:08]          notify : [{"uid":"ww@ww.ww","e":"countdown","args":{"seat":1,"sec":9},"roomid":60}]
[2024/03/09 19:40:09]          notify : [{"e":"status","args":{"tid":65,"status":"started"}}]
[2024/03/09 19:40:09]          notify : [{"uid":"ww@ww.ww","e":"countdown","args":{"seat":1,"sec":8},"roomid":60}]
[2024/03/09 19:40:10]          notify : [{"e":"status","args":{"tid":65,"status":"started"}}]
[2024/03/09 19:40:10]          notify : [{"uid":"ww@ww.ww","e":"countdown","args":{"seat":1,"sec":7},"roomid":60}]
[2024/03/09 19:40:11]          notify : [{"e":"status","args":{"tid":65,"status":"started"}}]
[2024/03/09 19:40:11]          notify : [{"uid":"ww@ww.ww","e":"countdown","args":{"seat":1,"sec":6},"roomid":60}]
[2024/03/09 19:40:11]          notify : [{"uid":"ww@ww.ww","e":"call","args":{"seat":1,"uid":"ww@ww.ww","call":50,"raise":0},"roomid":60}]
[2024/03/09 19:40:11]          rpc_ret : [{"seq":"56445734","err":0,"ret":{},"roomid":60}]
[2024/03/09 19:40:11]          notify : [{"uid":"ww@ww.ww","e":"prompt","args":{"fold":null,"check":null,"call":null,"raise":null,"all_in":null},"roomid":60}]
[2024/03/09 19:40:11]          notify : [{"uid":"ww@ww.ww","e":"moveturn","args":{"seat":0,"uid":"qq@qq.qq","countdown":20},"roomid":60}]
[2024/03/09 19:40:12]          notify : [{"e":"status","args":{"tid":65,"status":"started"}}]
[2024/03/09 19:40:12]          notify : [{"uid":"ww@ww.ww","e":"countdown","args":{"seat":0,"sec":20},"roomid":60}]
[2024/03/09 19:40:13]          notify : [{"e":"status","args":{"tid":65,"status":"started"}}]
[2024/03/09 19:40:13]          notify : [{"uid":"ww@ww.ww","e":"countdown","args":{"seat":0,"sec":19},"roomid":60}]
[2024/03/09 19:40:14]          notify : [{"e":"status","args":{"tid":65,"status":"started"}}]
[2024/03/09 19:40:14]          notify : [{"uid":"ww@ww.ww","e":"countdown","args":{"seat":0,"sec":18},"roomid":60}]
[2024/03/09 19:40:15]          notify : [{"e":"status","args":{"tid":65,"status":"started"}}]
[2024/03/09 19:40:15]          notify : [{"uid":"ww@ww.ww","e":"countdown","args":{"seat":0,"sec":17},"roomid":60}]
[2024/03/09 19:40:16]          notify : [{"e":"status","args":{"tid":65,"status":"started"}}]
[2024/03/09 19:40:16]          notify : [{"uid":"ww@ww.ww","e":"countdown","args":{"seat":0,"sec":16},"roomid":60}]
[2024/03/09 19:40:17]          notify : [{"e":"status","args":{"tid":65,"status":"started"}}]
[2024/03/09 19:40:17]          notify : [{"uid":"ww@ww.ww","e":"countdown","args":{"seat":0,"sec":15},"roomid":60}]
[2024/03/09 19:40:18]          notify : [{"uid":"ww@ww.ww","e":"check","args":{"seat":0,"uid":"qq@qq.qq","call":0,"raise":0},"roomid":60}]
[2024/03/09 19:40:18]          notify : [{"uid":"ww@ww.ww","e":"deal","args":{"deals":[[-1,[28,29,72]]],"delay":1},"roomid":60}]
[2024/03/09 19:40:18]          notify : [{"uid":"ww@ww.ww","e":"prompt","args":{"fold":null,"check":null,"call":null,"raise":null,"all_in":null},"roomid":60}]
[2024/03/09 19:40:18]          notify : [{"uid":"ww@ww.ww","e":"moveturn","args":{"seat":0,"uid":"qq@qq.qq","countdown":20},"roomid":60}]
[2024/03/09 19:40:18]          notify : [{"e":"status","args":{"tid":65,"status":"started"}}]
[2024/03/09 19:40:18]          notify : [{"uid":"ww@ww.ww","e":"countdown","args":{"seat":0,"sec":20},"roomid":60}]
[2024/03/09 19:40:19]          notify : [{"e":"status","args":{"tid":65,"status":"started"}}]
[2024/03/09 19:40:19]          notify : [{"uid":"ww@ww.ww","e":"countdown","args":{"seat":0,"sec":19},"roomid":60}]
[2024/03/09 19:40:20]          notify : [{"e":"status","args":{"tid":65,"status":"started"}}]
[2024/03/09 19:40:20]          notify : [{"uid":"ww@ww.ww","e":"countdown","args":{"seat":0,"sec":18},"roomid":60}]
[2024/03/09 19:40:21]          notify : [{"e":"status","args":{"tid":65,"status":"started"}}]
[2024/03/09 19:40:21]          notify : [{"uid":"ww@ww.ww","e":"countdown","args":{"seat":0,"sec":17},"roomid":60}]
[2024/03/09 19:40:22]          notify : [{"e":"status","args":{"tid":65,"status":"started"}}]
[2024/03/09 19:40:22]          notify : [{"uid":"ww@ww.ww","e":"countdown","args":{"seat":0,"sec":16},"roomid":60}]
[2024/03/09 19:40:23]          notify : [{"e":"status","args":{"tid":65,"status":"started"}}]
[2024/03/09 19:40:23]          notify : [{"uid":"ww@ww.ww","e":"countdown","args":{"seat":0,"sec":15},"roomid":60}]
[2024/03/09 19:40:24]          notify : [{"e":"status","args":{"tid":65,"status":"started"}}]
[2024/03/09 19:40:24]          notify : [{"uid":"ww@ww.ww","e":"countdown","args":{"seat":0,"sec":14},"roomid":60}]
[2024/03/09 19:40:25]          notify : [{"e":"status","args":{"tid":65,"status":"started"}}]
[2024/03/09 19:40:25]          notify : [{"uid":"ww@ww.ww","e":"countdown","args":{"seat":0,"sec":13},"roomid":60}]
[2024/03/09 19:40:26]          notify : [{"e":"status","args":{"tid":65,"status":"started"}}]
[2024/03/09 19:40:26]          notify : [{"uid":"ww@ww.ww","e":"countdown","args":{"seat":0,"sec":12},"roomid":60}]
[2024/03/09 19:40:27]          notify : [{"e":"status","args":{"tid":65,"status":"started"}}]
[2024/03/09 19:40:27]          notify : [{"uid":"ww@ww.ww","e":"countdown","args":{"seat":0,"sec":11},"roomid":60}]
[2024/03/09 19:40:28]          notify : [{"e":"status","args":{"tid":65,"status":"started"}}]
[2024/03/09 19:40:28]          notify : [{"uid":"ww@ww.ww","e":"countdown","args":{"seat":0,"sec":10},"roomid":60}]
[2024/03/09 19:40:29]          notify : [{"e":"status","args":{"tid":65,"status":"started"}}]
[2024/03/09 19:40:29]          notify : [{"uid":"ww@ww.ww","e":"countdown","args":{"seat":0,"sec":9},"roomid":60}]
[2024/03/09 19:40:30]          notify : [{"e":"status","args":{"tid":65,"status":"started"}}]
[2024/03/09 19:40:30]          notify : [{"uid":"ww@ww.ww","e":"countdown","args":{"seat":0,"sec":8},"roomid":60}]
[2024/03/09 19:40:31]          notify : [{"e":"status","args":{"tid":65,"status":"started"}}]
[2024/03/09 19:40:31]          notify : [{"uid":"ww@ww.ww","e":"countdown","args":{"seat":0,"sec":7},"roomid":60}]
[2024/03/09 19:40:32]          notify : [{"e":"status","args":{"tid":65,"status":"started"}}]
[2024/03/09 19:40:32]          notify : [{"uid":"ww@ww.ww","e":"countdown","args":{"seat":0,"sec":6},"roomid":60}]
[2024/03/09 19:40:33]          notify : [{"e":"status","args":{"tid":65,"status":"started"}}]
[2024/03/09 19:40:33]          notify : [{"uid":"ww@ww.ww","e":"countdown","args":{"seat":0,"sec":5},"roomid":60}]
[2024/03/09 19:40:33]          notify : [{"uid":"ww@ww.ww","e":"check","args":{"seat":0,"uid":"qq@qq.qq","call":0,"raise":0},"roomid":60}]
[2024/03/09 19:40:33]          notify : [{"uid":"ww@ww.ww","e":"moveturn","args":{"seat":1,"uid":"ww@ww.ww","countdown":20},"roomid":60}]
[2024/03/09 19:40:33]          notify : [{"uid":"ww@ww.ww","e":"prompt","args":{"fold":true,"check":true,"raise":"range,100,300","all_in":true},"roomid":60}]
[2024/03/09 19:40:34]          notify : [{"e":"status","args":{"tid":65,"status":"started"}}]
[2024/03/09 19:40:34]          notify : [{"uid":"ww@ww.ww","e":"countdown","args":{"seat":1,"sec":20},"roomid":60}]
[2024/03/09 19:40:35]          notify : [{"e":"status","args":{"tid":65,"status":"started"}}]
[2024/03/09 19:40:35]          notify : [{"uid":"ww@ww.ww","e":"countdown","args":{"seat":1,"sec":19},"roomid":60}]
[2024/03/09 19:40:36]          notify : [{"e":"status","args":{"tid":65,"status":"started"}}]
[2024/03/09 19:40:36]          notify : [{"uid":"ww@ww.ww","e":"countdown","args":{"seat":1,"sec":18},"roomid":60}]
[2024/03/09 19:40:37]          notify : [{"e":"status","args":{"tid":65,"status":"started"}}]
[2024/03/09 19:40:37]          notify : [{"uid":"ww@ww.ww","e":"countdown","args":{"seat":1,"sec":17},"roomid":60}]
[2024/03/09 19:40:37]          notify : [{"uid":"ww@ww.ww","e":"check","args":{"seat":1,"uid":"ww@ww.ww","call":0,"raise":0},"roomid":60}]
[2024/03/09 19:40:37]          rpc_ret : [{"seq":"468155993","err":0,"ret":{},"roomid":60}]
[2024/03/09 19:40:37]          notify : [{"uid":"ww@ww.ww","e":"prompt","args":{"fold":null,"check":null,"call":null,"raise":null,"all_in":null},"roomid":60}]
[2024/03/09 19:40:37]          notify : [{"uid":"ww@ww.ww","e":"deal","args":{"deals":[[-1,[68]]],"delay":1},"roomid":60}]
[2024/03/09 19:40:37]          notify : [{"uid":"ww@ww.ww","e":"prompt","args":{"fold":null,"check":null,"call":null,"raise":null,"all_in":null},"roomid":60}]
[2024/03/09 19:40:37]          notify : [{"uid":"ww@ww.ww","e":"moveturn","args":{"seat":0,"uid":"qq@qq.qq","countdown":20},"roomid":60}]
[2024/03/09 19:40:38]          notify : [{"e":"status","args":{"tid":65,"status":"started"}}]
[2024/03/09 19:40:38]          notify : [{"uid":"ww@ww.ww","e":"countdown","args":{"seat":0,"sec":20},"roomid":60}]
[2024/03/09 19:40:39]          notify : [{"e":"status","args":{"tid":65,"status":"started"}}]
[2024/03/09 19:40:39]          notify : [{"uid":"ww@ww.ww","e":"countdown","args":{"seat":0,"sec":19},"roomid":60}]
[2024/03/09 19:40:40]          notify : [{"e":"status","args":{"tid":65,"status":"started"}}]
[2024/03/09 19:40:40]          notify : [{"uid":"ww@ww.ww","e":"countdown","args":{"seat":0,"sec":18},"roomid":60}]
[2024/03/09 19:40:40]          notify : [{"uid":"ww@ww.ww","e":"raise","args":{"seat":0,"uid":"qq@qq.qq","call":0,"raise":100},"roomid":60}]
[2024/03/09 19:40:40]          notify : [{"uid":"ww@ww.ww","e":"moveturn","args":{"seat":1,"uid":"ww@ww.ww","countdown":20},"roomid":60}]
[2024/03/09 19:40:40]          notify : [{"uid":"ww@ww.ww","e":"prompt","args":{"fold":true,"call":true,"raise":"range,100,200","all_in":true},"roomid":60}]
[2024/03/09 19:40:41]          notify : [{"e":"status","args":{"tid":65,"status":"started"}}]
[2024/03/09 19:40:41]          notify : [{"uid":"ww@ww.ww","e":"countdown","args":{"seat":1,"sec":20},"roomid":60}]
[2024/03/09 19:40:42]          notify : [{"e":"status","args":{"tid":65,"status":"started"}}]
[2024/03/09 19:40:42]          notify : [{"uid":"ww@ww.ww","e":"countdown","args":{"seat":1,"sec":19},"roomid":60}]
[2024/03/09 19:40:43]          notify : [{"e":"status","args":{"tid":65,"status":"started"}}]
[2024/03/09 19:40:43]          notify : [{"uid":"ww@ww.ww","e":"countdown","args":{"seat":1,"sec":18},"roomid":60}]
[2024/03/09 19:40:44]          notify : [{"e":"status","args":{"tid":65,"status":"started"}}]
[2024/03/09 19:40:44]          notify : [{"uid":"ww@ww.ww","e":"countdown","args":{"seat":1,"sec":17},"roomid":60}]
[2024/03/09 19:40:44]          notify : [{"uid":"ww@ww.ww","e":"call","args":{"seat":1,"uid":"ww@ww.ww","call":100,"raise":0},"roomid":60}]
[2024/03/09 19:40:44]          rpc_ret : [{"seq":"326700653","err":0,"ret":{},"roomid":60}]
[2024/03/09 19:40:44]          notify : [{"uid":"ww@ww.ww","e":"prompt","args":{"fold":null,"check":null,"call":null,"raise":null,"all_in":null},"roomid":60}]
[2024/03/09 19:40:44]          notify : [{"uid":"ww@ww.ww","e":"deal","args":{"deals":[[-1,[50]]],"delay":1},"roomid":60}]
[2024/03/09 19:40:44]          notify : [{"uid":"ww@ww.ww","e":"prompt","args":{"fold":null,"check":null,"call":null,"raise":null,"all_in":null},"roomid":60}]
[2024/03/09 19:40:44]          notify : [{"uid":"ww@ww.ww","e":"moveturn","args":{"seat":0,"uid":"qq@qq.qq","countdown":20},"roomid":60}]
[2024/03/09 19:40:45]          notify : [{"e":"status","args":{"tid":65,"status":"started"}}]
[2024/03/09 19:40:45]          notify : [{"uid":"ww@ww.ww","e":"countdown","args":{"seat":0,"sec":20},"roomid":60}]
[2024/03/09 19:40:46]          notify : [{"e":"status","args":{"tid":65,"status":"started"}}]
[2024/03/09 19:40:46]          notify : [{"uid":"ww@ww.ww","e":"countdown","args":{"seat":0,"sec":19},"roomid":60}]
[2024/03/09 19:40:47]          notify : [{"e":"status","args":{"tid":65,"status":"started"}}]
[2024/03/09 19:40:47]          notify : [{"uid":"ww@ww.ww","e":"countdown","args":{"seat":0,"sec":18},"roomid":60}]
[2024/03/09 19:40:48]          notify : [{"e":"status","args":{"tid":65,"status":"started"}}]
[2024/03/09 19:40:48]          notify : [{"uid":"ww@ww.ww","e":"countdown","args":{"seat":0,"sec":17},"roomid":60}]
[2024/03/09 19:40:49]          notify : [{"e":"status","args":{"tid":65,"status":"started"}}]
[2024/03/09 19:40:49]          notify : [{"uid":"ww@ww.ww","e":"countdown","args":{"seat":0,"sec":16},"roomid":60}]
[2024/03/09 19:40:50]          notify : [{"e":"status","args":{"tid":65,"status":"started"}}]
[2024/03/09 19:40:50]          notify : [{"uid":"ww@ww.ww","e":"countdown","args":{"seat":0,"sec":15},"roomid":60}]
[2024/03/09 19:40:51]          notify : [{"e":"status","args":{"tid":65,"status":"started"}}]
[2024/03/09 19:40:51]          notify : [{"uid":"ww@ww.ww","e":"countdown","args":{"seat":0,"sec":14},"roomid":60}]
[2024/03/09 19:40:52]          notify : [{"e":"status","args":{"tid":65,"status":"started"}}]
[2024/03/09 19:40:52]          notify : [{"uid":"ww@ww.ww","e":"countdown","args":{"seat":0,"sec":13},"roomid":60}]
[2024/03/09 19:40:53]          notify : [{"e":"status","args":{"tid":65,"status":"started"}}]
[2024/03/09 19:40:53]          notify : [{"uid":"ww@ww.ww","e":"countdown","args":{"seat":0,"sec":12},"roomid":60}]
[2024/03/09 19:40:54]          notify : [{"e":"status","args":{"tid":65,"status":"started"}}]
[2024/03/09 19:40:54]          notify : [{"uid":"ww@ww.ww","e":"countdown","args":{"seat":0,"sec":11},"roomid":60}]
[2024/03/09 19:40:55]          notify : [{"e":"status","args":{"tid":65,"status":"started"}}]
[2024/03/09 19:40:55]          notify : [{"uid":"ww@ww.ww","e":"countdown","args":{"seat":0,"sec":10},"roomid":60}]
[2024/03/09 19:40:56]          notify : [{"e":"status","args":{"tid":65,"status":"started"}}]
[2024/03/09 19:40:56]          notify : [{"uid":"ww@ww.ww","e":"countdown","args":{"seat":0,"sec":9},"roomid":60}]
[2024/03/09 19:40:56]          notify : [{"uid":"ww@ww.ww","e":"check","args":{"seat":0,"uid":"qq@qq.qq","call":0,"raise":0},"roomid":60}]
[2024/03/09 19:40:56]          notify : [{"uid":"ww@ww.ww","e":"moveturn","args":{"seat":1,"uid":"ww@ww.ww","countdown":20},"roomid":60}]
[2024/03/09 19:40:56]          notify : [{"uid":"ww@ww.ww","e":"prompt","args":{"fold":true,"check":true,"raise":"range,100,200","all_in":true},"roomid":60}]
[2024/03/09 19:40:57]          notify : [{"e":"status","args":{"tid":65,"status":"started"}}]
[2024/03/09 19:40:57]          notify : [{"uid":"ww@ww.ww","e":"countdown","args":{"seat":1,"sec":20},"roomid":60}]
[2024/03/09 19:40:58]          notify : [{"e":"status","args":{"tid":65,"status":"started"}}]
[2024/03/09 19:40:58]          notify : [{"uid":"ww@ww.ww","e":"countdown","args":{"seat":1,"sec":19},"roomid":60}]
[2024/03/09 19:40:58]          notify : [{"uid":"ww@ww.ww","e":"check","args":{"seat":1,"uid":"ww@ww.ww","call":0,"raise":0},"roomid":60}]
[2024/03/09 19:40:58]          rpc_ret : [{"seq":"444687972","err":0,"ret":{},"roomid":60}]
[2024/03/09 19:40:58]          notify : [{"uid":"ww@ww.ww","e":"prompt","args":{"fold":null,"check":null,"call":null,"raise":null,"all_in":null},"roomid":60}]
[2024/03/09 19:40:58]          notify : [{"uid":"ww@ww.ww","e":"prompt","args":{"fold":null,"check":null,"call":null,"raise":null,"all_in":null},"roomid":60}]
[2024/03/09 19:40:58]          notify : [{"uid":"ww@ww.ww","e":"moveturn","args":{"seat":0,"uid":"qq@qq.qq","countdown":20},"roomid":60}]
[2024/03/09 19:40:58]          notify : [{"uid":"ww@ww.ww","e":"gameover","args":[{"uid":"qq@qq.qq","name":"qq","avatar":"0","coins":0,"score":6,"exp":17,"level":"1","deposite":"99699","seat":0,"cards":[38,37],"chips":200,"prize":0},{"uid":"ww@ww.ww","name":"ww","avatar":"0","coins":600,"score":5,"exp":34,"level":"1","deposite":"99699","seat":1,"cards":[75,19],"chips":200,"prize":400}],"roomid":60}]
[2024/03/09 19:40:58]          notify : [{"uid":"ww@ww.ww","e":"prompt","args":{"fold":null,"check":null,"call":null,"raise":null,"all_in":null,"ready":true},"roomid":60}]
[2024/03/09 19:40:58]          notify : [{"uid":"ww@ww.ww","e":"ready","args":{"uid":"qq@qq.qq","where":0},"roomid":60}]
[2024/03/09 19:40:58]          notify : [{"uid":"ww@ww.ww","e":"ready","args":{"uid":"ww@ww.ww","where":1},"roomid":60}]
[2024/03/09 19:40:58]          notify : [{"uid":"ww@ww.ww","e":"gameover","args":[{"uid":"ww@ww.ww","name":"ww","avatar":"0","coins":600,"score":6,"exp":36,"level":"1","deposite":"99699","seat":1,"cards":[],"chips":50,"prize":50},{"uid":"qq@qq.qq","name":"qq","avatar":"0","coins":0,"score":6,"exp":17,"level":"1","deposite":"99699","seat":0,"cards":[],"chips":0,"prize":0}],"roomid":60}]
[2024/03/09 19:40:58]          notify : [{"uid":"ww@ww.ww","e":"prompt","args":{"fold":null,"check":null,"call":null,"raise":null,"all_in":null,"ready":true},"roomid":60}]
[2024/03/09 19:40:58]          notify : [{"uid":"ww@ww.ww","e":"gamestart","args":{"room":{"id":60,"type":"tournament","name":"QQQ","casino":57,"options":{"max_seats":3,"no_joker":true,"no_color":[],"no_number":[],"ready_countdown":1,"turn_countdown":20,"limit_rule":2,"limit":100,"limit_cap":-1,"min_buy":300,"small_blind":100,"big_blind":200},"seats_count":3,"seats_taken":2,"gamers_count":2,"gamers":{"qq@qq.qq":{"uid":"qq@qq.qq","name":"qq","avatar":"0","coins":-100,"score":6,"exp":17,"level":"1","deposite":"99699"},"ww@ww.ww":{"uid":"ww@ww.ww","name":"ww","avatar":"0","coins":600,"score":6,"exp":36,"level":"1","deposite":"99699"}},"seats":["qq@qq.qq","ww@ww.ww",null],"cards":{},"chips":{"0":100},"dealer_seat":0,"shared_cards":[],"pot":100,"pot_chips":[100],"max_chip":100,"last_raise":0},"seats":[1,0]},"roomid":60}]
[2024/03/09 19:40:58]          notify : [{"uid":"ww@ww.ww","e":"deal","args":{"deals":[],"delay":3},"roomid":60}]
[2024/03/09 19:40:58]          notify : [{"uid":"ww@ww.ww","e":"unseat","args":{"uid":"qq@qq.qq","where":0},"roomid":60}]
[2024/03/09 19:40:58]          notify : [{"uid":"ww@ww.ww","e":"leave","args":{"uid":"qq@qq.qq","where":60},"roomid":60}]
[2024/03/09 19:40:58]          notify : [{"uid":"ww@ww.ww","e":"ready","args":{"uid":"ww@ww.ww","where":1},"roomid":60}]
[2024/03/09 19:40:59]          notify : [{"e":"status","args":{"tid":65,"status":"started"}}]
[2024/03/09 19:45:07]          notify : [{"uid":null,"e":"prompt","args":{"fastsignup":true,"signup":{"uid":"text","passwd":"text","name":"text","email":"email","phone":"text","uuid":"text"},"login":{"uid":"text","passwd":"text"}}}]
[2024/03/09 19:52:08]          notify : [{"uid":null,"e":"prompt","args":{"fastsignup":true,"signup":{"uid":"text","passwd":"text","name":"text","email":"email","phone":"text","uuid":"text"},"login":{"uid":"text","passwd":"text"}}}]
[2024/03/09 21:24:16]          notify : [{"uid":null,"e":"prompt","args":{"fastsignup":true,"signup":{"uid":"text","passwd":"text","name":"text","email":"email","phone":"text","uuid":"text"},"login":{"uid":"text","passwd":"text"}}}]
[2024/03/09 23:55:16]          notify : [{"uid":null,"e":"prompt","args":{"fastsignup":true,"signup":{"uid":"text","passwd":"text","name":"text","email":"email","phone":"text","uuid":"text"},"login":{"uid":"text","passwd":"text"}}}]
[2024/03/10 00:10:27]          notify : [{"uid":null,"e":"prompt","args":{"fastsignup":true,"signup":{"uid":"text","passwd":"text","name":"text","email":"email","phone":"text","uuid":"text"},"login":{"uid":"text","passwd":"text"}}}]
[2024/03/10 00:22:45]          notify : [{"uid":null,"e":"prompt","args":{"fastsignup":true,"signup":{"uid":"text","passwd":"text","name":"text","email":"email","phone":"text","uuid":"text"},"login":{"uid":"text","passwd":"text"}}}]
